Using pre-set license
Built from '2020.3/staging' branch; Version is '2020.3.17f1 (a4537701e4ab) revision 10769271'; Using compiler version '192528614'; Build Type 'Release'
OS: 'Windows 10 Home; OS build 19043.1348; Version 2009; 64bit' Language: 'en' Physical Memory: 8029 MB
BatchMode: 1, IsHumanControllingUs: 0, StartBugReporterOnCrash: 0, Is64bit: 1, IsPro: 0

COMMAND LINE ARGUMENTS:
C:\Program Files\Unity\Hub\Editor\2020.3.17f1\Editor\Unity.exe
-adb2
-batchMode
-noUpm
-name
AssetImportWorker0
-projectPath
C:/Users/Francisco Ortiz/Desktop/DERV_3_Unidad_4_Progs
-logFile
Logs/AssetImportWorker0.log
-srvPort
64730
Successfully changed project path to: C:/Users/Francisco Ortiz/Desktop/DERV_3_Unidad_4_Progs
C:/Users/Francisco Ortiz/Desktop/DERV_3_Unidad_4_Progs
Using Asset Import Pipeline V2.
Refreshing native plugins compatible for Editor in 39.03 ms, found 5 plugins.
Preloading 2 native plugins for Editor in 2.36 ms.
Initialize engine version: 2020.3.17f1 (a4537701e4ab)
[Subsystems] Discovering subsystems at path C:/Program Files/Unity/Hub/Editor/2020.3.17f1/Editor/Data/Resources/UnitySubsystems
[Subsystems] Discovering subsystems at path C:/Users/Francisco Ortiz/Desktop/DERV_3_Unidad_4_Progs/Assets
GfxDevice: creating device client; threaded=0
Direct3D:
    Version:  Direct3D 11.0 [level 11.1]
    Renderer: NVIDIA GeForce GTX 1650 Ti (ID=0x1f95)
    Vendor:   
    VRAM:     3962 MB
    Driver:   30.0.14.9709
Initialize mono
Mono path[0] = 'C:/Program Files/Unity/Hub/Editor/2020.3.17f1/Editor/Data/Managed'
Mono path[1] = 'C:/Program Files/Unity/Hub/Editor/2020.3.17f1/Editor/Data/MonoBleedingEdge/lib/mono/unityjit'
Mono config path = 'C:/Program Files/Unity/Hub/Editor/2020.3.17f1/Editor/Data/MonoBleedingEdge/etc'
Using monoOptions --debugger-agent=transport=dt_socket,embedding=1,server=y,suspend=n,address=127.0.0.1:56868
Begin MonoManager ReloadAssembly
Registering precompiled unity dll's ...
Register platform support module: C:/Program Files/Unity/Hub/Editor/2020.3.17f1/Editor/Data/PlaybackEngines/WindowsStandaloneSupport/UnityEditor.WindowsStandalone.Extensions.dll
Register platform support module: C:/Program Files/Unity/Hub/Editor/2020.3.17f1/Editor/Data/PlaybackEngines/LinuxStandaloneSupport/UnityEditor.LinuxStandalone.Extensions.dll
Register platform support module: C:/Program Files/Unity/Hub/Editor/2020.3.17f1/Editor/Data/PlaybackEngines/LuminSupport/UnityEditor.Lumin.Extensions.dll
Registered in 0.003106 seconds.
Native extension for Lumin target not found
Native extension for LinuxStandalone target not found
Native extension for WindowsStandalone target not found
Refreshing native plugins compatible for Editor in 30.18 ms, found 5 plugins.
Preloading 2 native plugins for Editor in 0.09 ms.
Mono: successfully reloaded assembly
- Completed reload, in  1.137 seconds
Domain Reload Profiling:
	ReloadAssembly (1137ms)
		BeginReloadAssembly (45ms)
			ExecutionOrderSort (0ms)
			DisableScriptedObjects (0ms)
			BackupInstance (0ms)
			ReleaseScriptingObjects (0ms)
			CreateAndSetChildDomain (1ms)
		EndReloadAssembly (359ms)
			LoadAssemblies (44ms)
			RebuildTransferFunctionScriptingTraits (0ms)
			SetupTypeCache (131ms)
			ReleaseScriptCaches (0ms)
			RebuildScriptCaches (27ms)
			SetupLoadedEditorAssemblies (139ms)
				LogAssemblyErrors (0ms)
				InitializePlatformSupportModulesInManaged (5ms)
				SetLoadedEditorAssemblies (0ms)
				RefreshPlugins (30ms)
				BeforeProcessingInitializeOnLoad (15ms)
				ProcessInitializeOnLoadAttributes (65ms)
				ProcessInitializeOnLoadMethodAttributes (23ms)
				AfterProcessingInitializeOnLoad (0ms)
				EditorAssembliesLoaded (0ms)
			ExecutionOrderSort2 (0ms)
			AwakeInstancesAfterBackupRestoration (0ms)
Platform modules already initialized, skipping
Registering precompiled user dll's ...
Registered in 0.008459 seconds.
Begin MonoManager ReloadAssembly
Native extension for Lumin target not found
Native extension for LinuxStandalone target not found
Native extension for WindowsStandalone target not found
Refreshing native plugins compatible for Editor in 0.46 ms, found 5 plugins.
Preloading 2 native plugins for Editor in 0.13 ms.
System.NullReferenceException: Object reference not set to an instance of an object
  at Vuforia.EditorClasses.ExtensionTypeProvider.GetVuforiaPackageAbsPath () [0x0004a] in <0213e6f0fa134fa89db6bafa02899715>:0 
  at Vuforia.EditorClasses.ExtensionTypeProvider.IsPackageManager () [0x00000] in <0213e6f0fa134fa89db6bafa02899715>:0 
  at Vuforia.EditorClasses.ExtensionTypeProvider.ResolvePluginType () [0x00009] in <0213e6f0fa134fa89db6bafa02899715>:0 
  at Vuforia.EditorClasses.ExtensionTypeProvider.GetPluginType () [0x0000c] in <0213e6f0fa134fa89db6bafa02899715>:0 
  at Vuforia.EditorClasses.VuforiaUtilities.IsVuforiaEnabledInPlayerSettings () [0x00000] in <0213e6f0fa134fa89db6bafa02899715>:0 
  at VuforiaEnabledObserver..cctor () [0x00000] in <0213e6f0fa134fa89db6bafa02899715>:0 
UnityEngine.StackTraceUtility:ExtractStackTrace ()
UnityEngine.DebugLogHandler:LogFormat (UnityEngine.LogType,UnityEngine.Object,string,object[])
UnityEngine.Logger:Log (UnityEngine.LogType,object)
UnityEngine.Debug:LogError (object)
UnityEditor.EditorAssemblies:ProcessInitializeOnLoadAttributes (System.Type[])

System.NullReferenceException: Object reference not set to an instance of an object
  at Vuforia.EditorClasses.ExtensionTypeProvider.GetVuforiaPackageAbsPath () [0x0004a] in <0213e6f0fa134fa89db6bafa02899715>:0 
  at Vuforia.EditorClasses.ExtensionTypeProvider.IsPackageManager () [0x00000] in <0213e6f0fa134fa89db6bafa02899715>:0 
  at Vuforia.EditorClasses.ExtensionTypeProvider.ResolvePluginType () [0x00009] in <0213e6f0fa134fa89db6bafa02899715>:0 
  at Vuforia.EditorClasses.ExtensionTypeProvider.GetPluginType () [0x0000c] in <0213e6f0fa134fa89db6bafa02899715>:0 
  at Vuforia.EditorClasses.VuforiaUtilities.IsVuforiaEnabledInPlayerSettings () [0x00000] in <0213e6f0fa134fa89db6bafa02899715>:0 
  at Vuforia.EditorClasses.InitializeOnLoadVuforiaTaskRunner..cctor () [0x00015] in <0213e6f0fa134fa89db6bafa02899715>:0 
UnityEngine.StackTraceUtility:ExtractStackTrace ()
UnityEngine.DebugLogHandler:LogFormat (UnityEngine.LogType,UnityEngine.Object,string,object[])
UnityEngine.Logger:Log (UnityEngine.LogType,object)
UnityEngine.Debug:LogError (object)
UnityEditor.EditorAssemblies:ProcessInitializeOnLoadAttributes (System.Type[])

Mono: successfully reloaded assembly
- Completed reload, in  0.955 seconds
Domain Reload Profiling:
	ReloadAssembly (955ms)
		BeginReloadAssembly (122ms)
			ExecutionOrderSort (0ms)
			DisableScriptedObjects (4ms)
			BackupInstance (0ms)
			ReleaseScriptingObjects (0ms)
			CreateAndSetChildDomain (16ms)
		EndReloadAssembly (781ms)
			LoadAssemblies (75ms)
			RebuildTransferFunctionScriptingTraits (0ms)
			SetupTypeCache (249ms)
			ReleaseScriptCaches (0ms)
			RebuildScriptCaches (40ms)
			SetupLoadedEditorAssemblies (335ms)
				LogAssemblyErrors (0ms)
				InitializePlatformSupportModulesInManaged (6ms)
				SetLoadedEditorAssemblies (0ms)
				RefreshPlugins (1ms)
				BeforeProcessingInitializeOnLoad (66ms)
				ProcessInitializeOnLoadAttributes (254ms)
				ProcessInitializeOnLoadMethodAttributes (3ms)
				AfterProcessingInitializeOnLoad (5ms)
				EditorAssembliesLoaded (0ms)
			ExecutionOrderSort2 (0ms)
			AwakeInstancesAfterBackupRestoration (6ms)
Platform modules already initialized, skipping
========================================================================
Worker process is ready to serve import requests
Launched and connected shader compiler UnityShaderCompiler.exe after 0.06 seconds
Refreshing native plugins compatible for Editor in 0.46 ms, found 5 plugins.
Preloading 2 native plugins for Editor in 0.09 ms.
Unloading 1470 Unused Serialized files (Serialized files now loaded: 0)
System memory in use before: 85.4 MB.
System memory in use after: 85.4 MB.

Unloading 44 unused Assets to reduce memory usage. Loaded Objects now: 2223.
Total: 2.508600 ms (FindLiveObjects: 0.177800 ms CreateObjectMapping: 0.065100 ms MarkObjects: 2.200200 ms  DeleteObjects: 0.064800 ms)

AssetImportParameters requested are different than current active one (requested -> active):
  custom:framework-win-MediaFoundation: 216162199b28c13a410421893ffa2e32 -> 
  custom:video-decoder-ogg-theora: a1e56fd34408186e4bbccfd4996cb3dc -> 
  custom:container-muxer-webm: aa71ff27fc2769a1b78a27578f13a17b -> 
  custom:container-demuxer-webm: 4f35f7cbe854078d1ac9338744f61a02 -> 
  custom:container-demuxer-ogg: 62fdf1f143b41e24485cea50d1cbac27 -> 
  custom:video-encoder-webm-vp8: eb34c28f22e8b96e1ab97ce403110664 -> 
  custom:video-codec-MediaFoundation-h265: 746d11721c4dcdbdad8f713fa42b33f4 -> 
  custom:video-decoder-webm-vp8: 9c59270c3fd7afecdb556c50c9e8de78 -> 
  custom:audio-decoder-ogg-vorbis: bf7c407c2cedff20999df2af8eb42d56 -> 
  custom:audio-encoder-webm-vorbis: bf7c407c2cedff20999df2af8eb42d56 -> 
========================================================================
Received Import Request.
  path: Assets/NewLayer.terrainlayer
  artifactKey: Guid(a59577b841ff2d743bdd0f27db1dbf2d) Importer(815301076,1909f56bfc062723c751e8b465ee728b)
Start importing Assets/NewLayer.terrainlayer using Guid(a59577b841ff2d743bdd0f27db1dbf2d) Importer(815301076,1909f56bfc062723c751e8b465ee728b)  -> (artifact id: '547ec818a8ea083fe0b5b2a3698076fa') in 0.065105 seconds 
  Import took 0.068922 seconds .

========================================================================
Received Import Request.
  Time since last request: 12.247102 seconds.
  path: Assets/Prefabs
  artifactKey: Guid(3c87a077d83b9f945941fe49a685f59c) Importer(815301076,1909f56bfc062723c751e8b465ee728b)
Start importing Assets/Prefabs using Guid(3c87a077d83b9f945941fe49a685f59c) Importer(815301076,1909f56bfc062723c751e8b465ee728b)  -> (artifact id: 'd48052a418c579abf699904ab5cce48b') in 0.009932 seconds 
  Import took 0.013561 seconds .

========================================================================
Received Import Request.
  Time since last request: 21.906343 seconds.
  path: Assets/Prefabs/EstructuraMAIN.obj
  artifactKey: Guid(495d17f1dcc09084d8d1cda5bf4f716e) Importer(815301076,1909f56bfc062723c751e8b465ee728b)
Start importing Assets/Prefabs/EstructuraMAIN.obj using Guid(495d17f1dcc09084d8d1cda5bf4f716e) Importer(815301076,1909f56bfc062723c751e8b465ee728b)  -> (artifact id: 'a41fe7afc161d34877e9fbbc96d6c837') in 1.319711 seconds 
  Import took 1.324010 seconds .

========================================================================
Received Import Request.
  Time since last request: 9.407756 seconds.
  path: Assets/Prefabs/Cage_in.mat
  artifactKey: Guid(c6faf3f1f68de2041a0a3c45eaed951b) Importer(815301076,1909f56bfc062723c751e8b465ee728b)
Start importing Assets/Prefabs/Cage_in.mat using Guid(c6faf3f1f68de2041a0a3c45eaed951b) Importer(815301076,1909f56bfc062723c751e8b465ee728b)  -> (artifact id: 'bbdedea89c9f41a225bfe1545ca04a3d') in 0.027170 seconds 
  Import took 0.029904 seconds .

========================================================================
Received Import Request.
  Time since last request: 0.000212 seconds.
  path: Assets/Prefabs/Lock.mat
  artifactKey: Guid(34eab00952122e8409fe2e348b8cde5a) Importer(815301076,1909f56bfc062723c751e8b465ee728b)
Start importing Assets/Prefabs/Lock.mat using Guid(34eab00952122e8409fe2e348b8cde5a) Importer(815301076,1909f56bfc062723c751e8b465ee728b)  -> (artifact id: 'a7505c6eecbc31029bf7226d404dad97') in 0.017468 seconds 
  Import took 0.021673 seconds .

========================================================================
Received Import Request.
  Time since last request: 0.000274 seconds.
  path: Assets/Prefabs/EstructuraMAIN.obj
  artifactKey: Guid(495d17f1dcc09084d8d1cda5bf4f716e) Importer(815301076,1909f56bfc062723c751e8b465ee728b)
Start importing Assets/Prefabs/EstructuraMAIN.obj using Guid(495d17f1dcc09084d8d1cda5bf4f716e) Importer(815301076,1909f56bfc062723c751e8b465ee728b)  -> (artifact id: '6876368586abf1d4fc53ae046e9fc6ec') in 0.830966 seconds 
  Import took 0.835472 seconds .

========================================================================
Received Import Request.
  Time since last request: 0.000218 seconds.
  path: Assets/Prefabs/wall_1_2.mat
  artifactKey: Guid(13cc963117e6a6d44898c49b480c22ea) Importer(815301076,1909f56bfc062723c751e8b465ee728b)
Start importing Assets/Prefabs/wall_1_2.mat using Guid(13cc963117e6a6d44898c49b480c22ea) Importer(815301076,1909f56bfc062723c751e8b465ee728b)  -> (artifact id: 'db7ed00d09c96c25d451e9801d136200') in 0.017426 seconds 
  Import took 0.023450 seconds .

========================================================================
Received Import Request.
  Time since last request: 0.000969 seconds.
  path: Assets/Prefabs/white.mat
  artifactKey: Guid(ad2bccc73a9844b4ba049a11f18713fb) Importer(815301076,1909f56bfc062723c751e8b465ee728b)
Start importing Assets/Prefabs/white.mat using Guid(ad2bccc73a9844b4ba049a11f18713fb) Importer(815301076,1909f56bfc062723c751e8b465ee728b)  -> (artifact id: '6ebc4084f43a36ec669d2e24d57f1057') in 0.050695 seconds 
  Import took 0.054647 seconds .

========================================================================
Received Import Request.
  Time since last request: 0.000173 seconds.
  path: Assets/Prefabs/Frame_out.mat
  artifactKey: Guid(583f36771f917fe4ba87bfcf859714b9) Importer(815301076,1909f56bfc062723c751e8b465ee728b)
Start importing Assets/Prefabs/Frame_out.mat using Guid(583f36771f917fe4ba87bfcf859714b9) Importer(815301076,1909f56bfc062723c751e8b465ee728b)  -> (artifact id: 'a5e8836caf23b95447e6fc347fdb476e') in 0.016591 seconds 
  Import took 0.021435 seconds .

========================================================================
Received Import Request.
  Time since last request: 0.000349 seconds.
  path: Assets/Prefabs/Glass.mat
  artifactKey: Guid(a50582ff7e0c30c4994f7193ef6f0284) Importer(815301076,1909f56bfc062723c751e8b465ee728b)
Start importing Assets/Prefabs/Glass.mat using Guid(a50582ff7e0c30c4994f7193ef6f0284) Importer(815301076,1909f56bfc062723c751e8b465ee728b)  -> (artifact id: '8d486baffbd0dcbb7a9f647db5b93f4e') in 0.015094 seconds 
  Import took 0.020554 seconds .

========================================================================
Received Import Request.
  Time since last request: 0.000351 seconds.
  path: Assets/Prefabs/Frame_in.mat
  artifactKey: Guid(4da86ab23da916f468d3d69622f3c38b) Importer(815301076,1909f56bfc062723c751e8b465ee728b)
Start importing Assets/Prefabs/Frame_in.mat using Guid(4da86ab23da916f468d3d69622f3c38b) Importer(815301076,1909f56bfc062723c751e8b465ee728b)  -> (artifact id: '3dd6552d0dc5c33edec99428603d0de5') in 0.016404 seconds 
  Import took 0.019357 seconds .

========================================================================
Received Import Request.
  Time since last request: 0.000192 seconds.
  path: Assets/Prefabs/Cage_out.mat
  artifactKey: Guid(b32f3c11d177cd446a69cb74e4e0e2de) Importer(815301076,1909f56bfc062723c751e8b465ee728b)
Start importing Assets/Prefabs/Cage_out.mat using Guid(b32f3c11d177cd446a69cb74e4e0e2de) Importer(815301076,1909f56bfc062723c751e8b465ee728b)  -> (artifact id: '0f76d6b1479bc9e77b73a3eb4de25936') in 0.020238 seconds 
  Import took 0.024512 seconds .

========================================================================
Received Import Request.
  Time since last request: 0.000270 seconds.
  path: Assets/Prefabs/Sill.mat
  artifactKey: Guid(406610781ef36f4478d90c08bc5955a4) Importer(815301076,1909f56bfc062723c751e8b465ee728b)
Start importing Assets/Prefabs/Sill.mat using Guid(406610781ef36f4478d90c08bc5955a4) Importer(815301076,1909f56bfc062723c751e8b465ee728b)  -> (artifact id: '0741631541d3a2e63b12ac81517f094c') in 0.017174 seconds 
  Import took 0.022017 seconds .

========================================================================
Received Import Request.
  Time since last request: 0.000185 seconds.
  path: Assets/Prefabs/ground_1.mat
  artifactKey: Guid(8686a1f90ab56d846ad575a6558b9e40) Importer(815301076,1909f56bfc062723c751e8b465ee728b)
Start importing Assets/Prefabs/ground_1.mat using Guid(8686a1f90ab56d846ad575a6558b9e40) Importer(815301076,1909f56bfc062723c751e8b465ee728b)  -> (artifact id: 'e2c1619b22a51592af60dc731b143a6e') in 0.018876 seconds 
  Import took 0.023238 seconds .

========================================================================
Received Import Request.
  Time since last request: 199.462723 seconds.
  path: Assets/AssetsStore/Darth_Artisan/Free_Trees/Prefabs/Fir_Tree.prefab
  artifactKey: Guid(19682540d8a014522a319b1cf788aee2) Importer(815301076,1909f56bfc062723c751e8b465ee728b)
Start importing Assets/AssetsStore/Darth_Artisan/Free_Trees/Prefabs/Fir_Tree.prefab using Guid(19682540d8a014522a319b1cf788aee2) Importer(815301076,1909f56bfc062723c751e8b465ee728b)  -> (artifact id: 'bdc7f0443ed9b930f37903a8e70252b8') in 0.029260 seconds 
  Import took 0.032418 seconds .

========================================================================
Received Import Request.
  Time since last request: 1.779168 seconds.
  path: Assets/AssetsStore/Darth_Artisan/Free_Trees/Prefabs/Fir_Tree.prefab
  artifactKey: Guid(19682540d8a014522a319b1cf788aee2) Importer(815301076,1909f56bfc062723c751e8b465ee728b)
Start importing Assets/AssetsStore/Darth_Artisan/Free_Trees/Prefabs/Fir_Tree.prefab using Guid(19682540d8a014522a319b1cf788aee2) Importer(815301076,1909f56bfc062723c751e8b465ee728b)  -> (artifact id: '316c53157d00eba550881981c2b60c8b') in 0.015085 seconds 
  Import took 0.019278 seconds .

========================================================================
Received Import Request.
  Time since last request: 1.649662 seconds.
  path: Assets/AssetsStore/Darth_Artisan/Free_Trees/Prefabs/Fir_Tree.prefab
  artifactKey: Guid(19682540d8a014522a319b1cf788aee2) Importer(815301076,1909f56bfc062723c751e8b465ee728b)
Start importing Assets/AssetsStore/Darth_Artisan/Free_Trees/Prefabs/Fir_Tree.prefab using Guid(19682540d8a014522a319b1cf788aee2) Importer(815301076,1909f56bfc062723c751e8b465ee728b)  -> (artifact id: 'ad61d943e8ff80a8a0c6b26d2bd954fe') in 0.017860 seconds 
  Import took 0.021506 seconds .

========================================================================
Received Import Request.
  Time since last request: 25.676041 seconds.
  path: Assets/AssetsStore/Darth_Artisan/Free_Trees/Prefabs/Fir_Tree.prefab
  artifactKey: Guid(19682540d8a014522a319b1cf788aee2) Importer(815301076,1909f56bfc062723c751e8b465ee728b)
Start importing Assets/AssetsStore/Darth_Artisan/Free_Trees/Prefabs/Fir_Tree.prefab using Guid(19682540d8a014522a319b1cf788aee2) Importer(815301076,1909f56bfc062723c751e8b465ee728b)  -> (artifact id: 'ad92a8943c0469dfe5b2c9598d9439be') in 0.017288 seconds 
  Import took 0.021835 seconds .

========================================================================
Received Import Request.
  Time since last request: 2.590361 seconds.
  path: Assets/AssetsStore/Darth_Artisan/Free_Trees/Prefabs/Fir_Tree.prefab
  artifactKey: Guid(19682540d8a014522a319b1cf788aee2) Importer(815301076,1909f56bfc062723c751e8b465ee728b)
Start importing Assets/AssetsStore/Darth_Artisan/Free_Trees/Prefabs/Fir_Tree.prefab using Guid(19682540d8a014522a319b1cf788aee2) Importer(815301076,1909f56bfc062723c751e8b465ee728b)  -> (artifact id: 'e31dcb146601e0d95bbf2e945f2028e3') in 0.009524 seconds 
  Import took 0.012623 seconds .

========================================================================
Received Import Request.
  Time since last request: 0.007126 seconds.
  path: Assets/AssetsStore/Darth_Artisan/Free_Trees/Prefabs/Fir_Tree.prefab
  artifactKey: Guid(19682540d8a014522a319b1cf788aee2) Importer(815301076,1909f56bfc062723c751e8b465ee728b)
Start importing Assets/AssetsStore/Darth_Artisan/Free_Trees/Prefabs/Fir_Tree.prefab using Guid(19682540d8a014522a319b1cf788aee2) Importer(815301076,1909f56bfc062723c751e8b465ee728b)  -> (artifact id: 'e31dcb146601e0d95bbf2e945f2028e3') in 0.013754 seconds 
  Import took 0.016757 seconds .

========================================================================
Received Import Request.
  Time since last request: 1.686476 seconds.
  path: Assets/AssetsStore/Darth_Artisan/Free_Trees/Prefabs/Fir_Tree.prefab
  artifactKey: Guid(19682540d8a014522a319b1cf788aee2) Importer(815301076,1909f56bfc062723c751e8b465ee728b)
Start importing Assets/AssetsStore/Darth_Artisan/Free_Trees/Prefabs/Fir_Tree.prefab using Guid(19682540d8a014522a319b1cf788aee2) Importer(815301076,1909f56bfc062723c751e8b465ee728b)  -> (artifact id: 'c42cc19769270f0eb6d0cb158196a5e9') in 0.013474 seconds 
  Import took 0.016720 seconds .

========================================================================
Received Import Request.
  Time since last request: 8.366366 seconds.
  path: Assets/AssetsStore/Darth_Artisan/Free_Trees/Prefabs/Fir_Tree.prefab
  artifactKey: Guid(19682540d8a014522a319b1cf788aee2) Importer(815301076,1909f56bfc062723c751e8b465ee728b)
Start importing Assets/AssetsStore/Darth_Artisan/Free_Trees/Prefabs/Fir_Tree.prefab using Guid(19682540d8a014522a319b1cf788aee2) Importer(815301076,1909f56bfc062723c751e8b465ee728b)  -> (artifact id: 'fe40e0d5760b961b1a7d3ebdc42a030d') in 0.016844 seconds 
  Import took 0.020001 seconds .

========================================================================
Received Import Request.
  Time since last request: 2.490772 seconds.
  path: Assets/AssetsStore/Darth_Artisan/Free_Trees/Prefabs/Fir_Tree.prefab
  artifactKey: Guid(19682540d8a014522a319b1cf788aee2) Importer(815301076,1909f56bfc062723c751e8b465ee728b)
Start importing Assets/AssetsStore/Darth_Artisan/Free_Trees/Prefabs/Fir_Tree.prefab using Guid(19682540d8a014522a319b1cf788aee2) Importer(815301076,1909f56bfc062723c751e8b465ee728b)  -> (artifact id: 'efa3ea399777d786a664661503a9f480') in 0.019132 seconds 
  Import took 0.022293 seconds .

========================================================================
Received Import Request.
  Time since last request: 7.415513 seconds.
  path: Assets/AssetsStore/Darth_Artisan/Free_Trees/Prefabs/Fir_Tree.prefab
  artifactKey: Guid(19682540d8a014522a319b1cf788aee2) Importer(815301076,1909f56bfc062723c751e8b465ee728b)
Start importing Assets/AssetsStore/Darth_Artisan/Free_Trees/Prefabs/Fir_Tree.prefab using Guid(19682540d8a014522a319b1cf788aee2) Importer(815301076,1909f56bfc062723c751e8b465ee728b)  -> (artifact id: '9be9b4270fab6d9dab4953719fce6c04') in 0.018321 seconds 
  Import took 0.022244 seconds .

========================================================================
Received Import Request.
  Time since last request: 2.166134 seconds.
  path: Assets/AssetsStore/Darth_Artisan/Free_Trees/Prefabs/Fir_Tree.prefab
  artifactKey: Guid(19682540d8a014522a319b1cf788aee2) Importer(815301076,1909f56bfc062723c751e8b465ee728b)
Start importing Assets/AssetsStore/Darth_Artisan/Free_Trees/Prefabs/Fir_Tree.prefab using Guid(19682540d8a014522a319b1cf788aee2) Importer(815301076,1909f56bfc062723c751e8b465ee728b)  -> (artifact id: '5fa46f4f7fb1a4a4781b94252b7fa50b') in 0.016565 seconds 
  Import took 0.020121 seconds .

========================================================================
Received Import Request.
  Time since last request: 2.877151 seconds.
  path: Assets/AssetsStore/Darth_Artisan/Free_Trees/Prefabs/Fir_Tree.prefab
  artifactKey: Guid(19682540d8a014522a319b1cf788aee2) Importer(815301076,1909f56bfc062723c751e8b465ee728b)
Start importing Assets/AssetsStore/Darth_Artisan/Free_Trees/Prefabs/Fir_Tree.prefab using Guid(19682540d8a014522a319b1cf788aee2) Importer(815301076,1909f56bfc062723c751e8b465ee728b)  -> (artifact id: '92f952f99e86ad19a3a39dcfd7c64407') in 0.020020 seconds 
  Import took 0.023328 seconds .

========================================================================
Received Import Request.
  Time since last request: 32.456310 seconds.
  path: Assets/AssetsStore/Darth_Artisan/Free_Trees/Prefabs/Oak_Tree.prefab
  artifactKey: Guid(c44bd9bdc114d4a60932c0087d9d1732) Importer(815301076,1909f56bfc062723c751e8b465ee728b)
Start importing Assets/AssetsStore/Darth_Artisan/Free_Trees/Prefabs/Oak_Tree.prefab using Guid(c44bd9bdc114d4a60932c0087d9d1732) Importer(815301076,1909f56bfc062723c751e8b465ee728b)  -> (artifact id: '325274d18fe3ec99660ccd65817e597d') in 0.017426 seconds 
  Import took 0.021129 seconds .

========================================================================
Received Import Request.
  Time since last request: 0.979101 seconds.
  path: Assets/AssetsStore/Darth_Artisan/Free_Trees/Prefabs/Oak_Tree.prefab
  artifactKey: Guid(c44bd9bdc114d4a60932c0087d9d1732) Importer(815301076,1909f56bfc062723c751e8b465ee728b)
Start importing Assets/AssetsStore/Darth_Artisan/Free_Trees/Prefabs/Oak_Tree.prefab using Guid(c44bd9bdc114d4a60932c0087d9d1732) Importer(815301076,1909f56bfc062723c751e8b465ee728b)  -> (artifact id: '80b92555df5d116a463233cb97d185fe') in 0.022125 seconds 
  Import took 0.026929 seconds .

========================================================================
Received Import Request.
  Time since last request: 0.004585 seconds.
  path: Assets/AssetsStore/Darth_Artisan/Free_Trees/Prefabs/Oak_Tree.prefab
  artifactKey: Guid(c44bd9bdc114d4a60932c0087d9d1732) Importer(815301076,1909f56bfc062723c751e8b465ee728b)
Start importing Assets/AssetsStore/Darth_Artisan/Free_Trees/Prefabs/Oak_Tree.prefab using Guid(c44bd9bdc114d4a60932c0087d9d1732) Importer(815301076,1909f56bfc062723c751e8b465ee728b)  -> (artifact id: '80b92555df5d116a463233cb97d185fe') in 0.019344 seconds 
  Import took 0.023101 seconds .

========================================================================
Received Import Request.
  Time since last request: 4.035216 seconds.
  path: Assets/AssetsStore/Darth_Artisan/Free_Trees/Prefabs/Oak_Tree.prefab
  artifactKey: Guid(c44bd9bdc114d4a60932c0087d9d1732) Importer(815301076,1909f56bfc062723c751e8b465ee728b)
Start importing Assets/AssetsStore/Darth_Artisan/Free_Trees/Prefabs/Oak_Tree.prefab using Guid(c44bd9bdc114d4a60932c0087d9d1732) Importer(815301076,1909f56bfc062723c751e8b465ee728b)  -> (artifact id: '03907cc651d344d56f0b33a93b35744f') in 0.012786 seconds 
  Import took 0.015839 seconds .

========================================================================
Received Import Request.
  Time since last request: 3.678270 seconds.
  path: Assets/AssetsStore/Darth_Artisan/Free_Trees/Prefabs/Palm_Tree.prefab
  artifactKey: Guid(c6b7fb383a3534b039692b5485b6e739) Importer(815301076,1909f56bfc062723c751e8b465ee728b)
Start importing Assets/AssetsStore/Darth_Artisan/Free_Trees/Prefabs/Palm_Tree.prefab using Guid(c6b7fb383a3534b039692b5485b6e739) Importer(815301076,1909f56bfc062723c751e8b465ee728b)  -> (artifact id: '696a7c6817bb96458fd5432757c0ec44') in 0.018958 seconds 
  Import took 0.023172 seconds .

========================================================================
Received Import Request.
  Time since last request: 3.863425 seconds.
  path: Assets/AssetsStore/Darth_Artisan/Free_Trees/Prefabs/Palm_Tree.prefab
  artifactKey: Guid(c6b7fb383a3534b039692b5485b6e739) Importer(815301076,1909f56bfc062723c751e8b465ee728b)
Start importing Assets/AssetsStore/Darth_Artisan/Free_Trees/Prefabs/Palm_Tree.prefab using Guid(c6b7fb383a3534b039692b5485b6e739) Importer(815301076,1909f56bfc062723c751e8b465ee728b)  -> (artifact id: '55d361628727ea6e24d3ffdf3152befc') in 0.028770 seconds 
  Import took 0.031802 seconds .

========================================================================
Received Import Request.
  Time since last request: 1.500336 seconds.
  path: Assets/AssetsStore/Darth_Artisan/Free_Trees/Prefabs/Palm_Tree.prefab
  artifactKey: Guid(c6b7fb383a3534b039692b5485b6e739) Importer(815301076,1909f56bfc062723c751e8b465ee728b)
Start importing Assets/AssetsStore/Darth_Artisan/Free_Trees/Prefabs/Palm_Tree.prefab using Guid(c6b7fb383a3534b039692b5485b6e739) Importer(815301076,1909f56bfc062723c751e8b465ee728b)  -> (artifact id: 'a2ffc0d86f9fe9c53ca8ef9c271f28e5') in 0.015573 seconds 
  Import took 0.018938 seconds .

========================================================================
Received Import Request.
  Time since last request: 2.666647 seconds.
  path: Assets/AssetsStore/Darth_Artisan/Free_Trees/Prefabs/Poplar_Tree.prefab
  artifactKey: Guid(826b6a0b570e8460990010fa615b5a2a) Importer(815301076,1909f56bfc062723c751e8b465ee728b)
Start importing Assets/AssetsStore/Darth_Artisan/Free_Trees/Prefabs/Poplar_Tree.prefab using Guid(826b6a0b570e8460990010fa615b5a2a) Importer(815301076,1909f56bfc062723c751e8b465ee728b)  -> (artifact id: '16848d4211f10f212bb46308f1251732') in 0.020479 seconds 
  Import took 0.023229 seconds .

========================================================================
Received Import Request.
  Time since last request: 1.393234 seconds.
  path: Assets/AssetsStore/Darth_Artisan/Free_Trees/Prefabs/Poplar_Tree.prefab
  artifactKey: Guid(826b6a0b570e8460990010fa615b5a2a) Importer(815301076,1909f56bfc062723c751e8b465ee728b)
Start importing Assets/AssetsStore/Darth_Artisan/Free_Trees/Prefabs/Poplar_Tree.prefab using Guid(826b6a0b570e8460990010fa615b5a2a) Importer(815301076,1909f56bfc062723c751e8b465ee728b)  -> (artifact id: '6702f130dc402dea76d75b4127022646') in 0.014213 seconds 
  Import took 0.018753 seconds .

========================================================================
Received Import Request.
  Time since last request: 0.003331 seconds.
  path: Assets/AssetsStore/Darth_Artisan/Free_Trees/Prefabs/Poplar_Tree.prefab
  artifactKey: Guid(826b6a0b570e8460990010fa615b5a2a) Importer(815301076,1909f56bfc062723c751e8b465ee728b)
Start importing Assets/AssetsStore/Darth_Artisan/Free_Trees/Prefabs/Poplar_Tree.prefab using Guid(826b6a0b570e8460990010fa615b5a2a) Importer(815301076,1909f56bfc062723c751e8b465ee728b)  -> (artifact id: '6702f130dc402dea76d75b4127022646') in 0.009973 seconds 
  Import took 0.013891 seconds .

========================================================================
Received Import Request.
  Time since last request: 1.145521 seconds.
  path: Assets/AssetsStore/Darth_Artisan/Free_Trees/Prefabs/Poplar_Tree.prefab
  artifactKey: Guid(826b6a0b570e8460990010fa615b5a2a) Importer(815301076,1909f56bfc062723c751e8b465ee728b)
Start importing Assets/AssetsStore/Darth_Artisan/Free_Trees/Prefabs/Poplar_Tree.prefab using Guid(826b6a0b570e8460990010fa615b5a2a) Importer(815301076,1909f56bfc062723c751e8b465ee728b)  -> (artifact id: 'a27cd7425393e3107392e15c378860ac') in 0.016587 seconds 
  Import took 0.020444 seconds .

========================================================================
Received Import Request.
  Time since last request: 329.746513 seconds.
  path: Assets/AssetsStore/Darth_Artisan/Free_Trees/Prefabs/Fir_Tree.prefab
  artifactKey: Guid(19682540d8a014522a319b1cf788aee2) Importer(815301076,1909f56bfc062723c751e8b465ee728b)
Start importing Assets/AssetsStore/Darth_Artisan/Free_Trees/Prefabs/Fir_Tree.prefab using Guid(19682540d8a014522a319b1cf788aee2) Importer(815301076,1909f56bfc062723c751e8b465ee728b)  -> (artifact id: 'db9a19f2eb914e4149df405f936d1563') in 0.017515 seconds 
  Import took 0.023090 seconds .

========================================================================
Received Import Request.
  Time since last request: 2.288289 seconds.
  path: Assets/AssetsStore/Darth_Artisan/Free_Trees/Prefabs/Oak_Tree.prefab
  artifactKey: Guid(c44bd9bdc114d4a60932c0087d9d1732) Importer(815301076,1909f56bfc062723c751e8b465ee728b)
Start importing Assets/AssetsStore/Darth_Artisan/Free_Trees/Prefabs/Oak_Tree.prefab using Guid(c44bd9bdc114d4a60932c0087d9d1732) Importer(815301076,1909f56bfc062723c751e8b465ee728b)  -> (artifact id: 'c4ca7e4b290631774a5de0833bcb32b5') in 0.015656 seconds 
  Import took 0.020078 seconds .

========================================================================
Received Import Request.
  Time since last request: 4.079158 seconds.
  path: Assets/AssetsStore/Darth_Artisan/Free_Trees/Prefabs/Fir_Tree.prefab
  artifactKey: Guid(19682540d8a014522a319b1cf788aee2) Importer(815301076,1909f56bfc062723c751e8b465ee728b)
Start importing Assets/AssetsStore/Darth_Artisan/Free_Trees/Prefabs/Fir_Tree.prefab using Guid(19682540d8a014522a319b1cf788aee2) Importer(815301076,1909f56bfc062723c751e8b465ee728b)  -> (artifact id: '2a0146501d57979acbfee88c7ba93e03') in 0.016765 seconds 
  Import took 0.020233 seconds .

========================================================================
Received Import Request.
  Time since last request: 9.368239 seconds.
  path: Assets/AssetsStore/Darth_Artisan/Free_Trees/Prefabs/Oak_Tree.prefab
  artifactKey: Guid(c44bd9bdc114d4a60932c0087d9d1732) Importer(815301076,1909f56bfc062723c751e8b465ee728b)
Start importing Assets/AssetsStore/Darth_Artisan/Free_Trees/Prefabs/Oak_Tree.prefab using Guid(c44bd9bdc114d4a60932c0087d9d1732) Importer(815301076,1909f56bfc062723c751e8b465ee728b)  -> (artifact id: '19ee14a2a66d7a5590d9214674d7663c') in 0.011421 seconds 
  Import took 0.015501 seconds .

========================================================================
Received Import Request.
  Time since last request: 2.269138 seconds.
  path: Assets/AssetsStore/Darth_Artisan/Free_Trees/Prefabs/Palm_Tree.prefab
  artifactKey: Guid(c6b7fb383a3534b039692b5485b6e739) Importer(815301076,1909f56bfc062723c751e8b465ee728b)
Start importing Assets/AssetsStore/Darth_Artisan/Free_Trees/Prefabs/Palm_Tree.prefab using Guid(c6b7fb383a3534b039692b5485b6e739) Importer(815301076,1909f56bfc062723c751e8b465ee728b)  -> (artifact id: '23ba24dc3d868bec1eda1621e597f2f1') in 0.017337 seconds 
  Import took 0.020070 seconds .

========================================================================
Received Import Request.
  Time since last request: 1.186588 seconds.
  path: Assets/AssetsStore/Darth_Artisan/Free_Trees/Prefabs/Palm_Tree.prefab
  artifactKey: Guid(c6b7fb383a3534b039692b5485b6e739) Importer(815301076,1909f56bfc062723c751e8b465ee728b)
Start importing Assets/AssetsStore/Darth_Artisan/Free_Trees/Prefabs/Palm_Tree.prefab using Guid(c6b7fb383a3534b039692b5485b6e739) Importer(815301076,1909f56bfc062723c751e8b465ee728b)  -> (artifact id: '15900bafbe076e9cc10d9b8ce978a4eb') in 0.017054 seconds 
  Import took 0.021010 seconds .

========================================================================
Received Import Request.
  Time since last request: 1.613013 seconds.
  path: Assets/AssetsStore/Darth_Artisan/Free_Trees/Prefabs/Palm_Tree.prefab
  artifactKey: Guid(c6b7fb383a3534b039692b5485b6e739) Importer(815301076,1909f56bfc062723c751e8b465ee728b)
Start importing Assets/AssetsStore/Darth_Artisan/Free_Trees/Prefabs/Palm_Tree.prefab using Guid(c6b7fb383a3534b039692b5485b6e739) Importer(815301076,1909f56bfc062723c751e8b465ee728b)  -> (artifact id: 'e533ef60c7c8dfa47d500b4e9c3a546e') in 0.009763 seconds 
  Import took 0.013380 seconds .

========================================================================
Received Import Request.
  Time since last request: 2.482861 seconds.
  path: Assets/AssetsStore/Darth_Artisan/Free_Trees/Prefabs/Poplar_Tree.prefab
  artifactKey: Guid(826b6a0b570e8460990010fa615b5a2a) Importer(815301076,1909f56bfc062723c751e8b465ee728b)
Start importing Assets/AssetsStore/Darth_Artisan/Free_Trees/Prefabs/Poplar_Tree.prefab using Guid(826b6a0b570e8460990010fa615b5a2a) Importer(815301076,1909f56bfc062723c751e8b465ee728b)  -> (artifact id: '6a5180c811fd4959165201cd91090a58') in 0.016414 seconds 
  Import took 0.019295 seconds .

========================================================================
Received Import Request.
  Time since last request: 0.993579 seconds.
  path: Assets/AssetsStore/Darth_Artisan/Free_Trees/Prefabs/Poplar_Tree.prefab
  artifactKey: Guid(826b6a0b570e8460990010fa615b5a2a) Importer(815301076,1909f56bfc062723c751e8b465ee728b)
Start importing Assets/AssetsStore/Darth_Artisan/Free_Trees/Prefabs/Poplar_Tree.prefab using Guid(826b6a0b570e8460990010fa615b5a2a) Importer(815301076,1909f56bfc062723c751e8b465ee728b)  -> (artifact id: 'f7f64dbea57256dba1c12a23f630d54d') in 0.020557 seconds 
  Import took 0.024129 seconds .

========================================================================
Received Import Request.
  Time since last request: 0.003189 seconds.
  path: Assets/AssetsStore/Darth_Artisan/Free_Trees/Prefabs/Poplar_Tree.prefab
  artifactKey: Guid(826b6a0b570e8460990010fa615b5a2a) Importer(815301076,1909f56bfc062723c751e8b465ee728b)
Start importing Assets/AssetsStore/Darth_Artisan/Free_Trees/Prefabs/Poplar_Tree.prefab using Guid(826b6a0b570e8460990010fa615b5a2a) Importer(815301076,1909f56bfc062723c751e8b465ee728b)  -> (artifact id: 'f7f64dbea57256dba1c12a23f630d54d') in 0.012815 seconds 
  Import took 0.016327 seconds .

========================================================================
Received Import Request.
  Time since last request: 0.778487 seconds.
  path: Assets/AssetsStore/Darth_Artisan/Free_Trees/Prefabs/Poplar_Tree.prefab
  artifactKey: Guid(826b6a0b570e8460990010fa615b5a2a) Importer(815301076,1909f56bfc062723c751e8b465ee728b)
Start importing Assets/AssetsStore/Darth_Artisan/Free_Trees/Prefabs/Poplar_Tree.prefab using Guid(826b6a0b570e8460990010fa615b5a2a) Importer(815301076,1909f56bfc062723c751e8b465ee728b)  -> (artifact id: '00afd93b23f633c003daf194809dc9a2') in 0.016707 seconds 
  Import took 0.019941 seconds .

========================================================================
Received Import Request.
  Time since last request: 18.600723 seconds.
  path: Assets/AssetsStore/Darth_Artisan/Free_Trees/Prefabs/Oak_Tree.prefab
  artifactKey: Guid(c44bd9bdc114d4a60932c0087d9d1732) Importer(815301076,1909f56bfc062723c751e8b465ee728b)
Start importing Assets/AssetsStore/Darth_Artisan/Free_Trees/Prefabs/Oak_Tree.prefab using Guid(c44bd9bdc114d4a60932c0087d9d1732) Importer(815301076,1909f56bfc062723c751e8b465ee728b)  -> (artifact id: '5f1a5973934934b27605230756144972') in 0.016794 seconds 
  Import took 0.020380 seconds .

========================================================================
Received Import Request.
  Time since last request: 0.002649 seconds.
  path: Assets/AssetsStore/Darth_Artisan/Free_Trees/Prefabs/Oak_Tree.prefab
  artifactKey: Guid(c44bd9bdc114d4a60932c0087d9d1732) Importer(815301076,1909f56bfc062723c751e8b465ee728b)
Start importing Assets/AssetsStore/Darth_Artisan/Free_Trees/Prefabs/Oak_Tree.prefab using Guid(c44bd9bdc114d4a60932c0087d9d1732) Importer(815301076,1909f56bfc062723c751e8b465ee728b)  -> (artifact id: '5f1a5973934934b27605230756144972') in 0.014344 seconds 
  Import took 0.017615 seconds .

========================================================================
Received Import Request.
  Time since last request: 0.979280 seconds.
  path: Assets/AssetsStore/Darth_Artisan/Free_Trees/Prefabs/Oak_Tree.prefab
  artifactKey: Guid(c44bd9bdc114d4a60932c0087d9d1732) Importer(815301076,1909f56bfc062723c751e8b465ee728b)
Start importing Assets/AssetsStore/Darth_Artisan/Free_Trees/Prefabs/Oak_Tree.prefab using Guid(c44bd9bdc114d4a60932c0087d9d1732) Importer(815301076,1909f56bfc062723c751e8b465ee728b)  -> (artifact id: '7f48f5b65b3901fc2190f0c4e0fe50e1') in 0.031256 seconds 
  Import took 0.035402 seconds .

========================================================================
Received Import Request.
  Time since last request: 0.000531 seconds.
  path: Assets/AssetsStore/Darth_Artisan/Free_Trees/Prefabs/Oak_Tree.prefab
  artifactKey: Guid(c44bd9bdc114d4a60932c0087d9d1732) Importer(815301076,1909f56bfc062723c751e8b465ee728b)
Start importing Assets/AssetsStore/Darth_Artisan/Free_Trees/Prefabs/Oak_Tree.prefab using Guid(c44bd9bdc114d4a60932c0087d9d1732) Importer(815301076,1909f56bfc062723c751e8b465ee728b)  -> (artifact id: '7f48f5b65b3901fc2190f0c4e0fe50e1') in 0.022709 seconds 
  Import took 0.027823 seconds .

========================================================================
Received Import Request.
  Time since last request: 1.217077 seconds.
  path: Assets/AssetsStore/Darth_Artisan/Free_Trees/Prefabs/Oak_Tree.prefab
  artifactKey: Guid(c44bd9bdc114d4a60932c0087d9d1732) Importer(815301076,1909f56bfc062723c751e8b465ee728b)
Start importing Assets/AssetsStore/Darth_Artisan/Free_Trees/Prefabs/Oak_Tree.prefab using Guid(c44bd9bdc114d4a60932c0087d9d1732) Importer(815301076,1909f56bfc062723c751e8b465ee728b)  -> (artifact id: '06beafd835be03eb3ebd70cef7fff518') in 0.012921 seconds 
  Import took 0.016175 seconds .

========================================================================
Received Import Request.
  Time since last request: 2636.109241 seconds.
  path: Assets/Personaje/Proyecto
  artifactKey: Guid(44669de92ca99454cbda73553dda7ed9) Importer(815301076,1909f56bfc062723c751e8b465ee728b)
Start importing Assets/Personaje/Proyecto using Guid(44669de92ca99454cbda73553dda7ed9) Importer(815301076,1909f56bfc062723c751e8b465ee728b)  -> (artifact id: 'e85c0b2d8961d15edbf5f50affb73282') in 0.080703 seconds 
  Import took 0.089560 seconds .

========================================================================
Received Import Request.
  Time since last request: 17.131199 seconds.
  path: Assets/Personaje/Proyecto/TPose.fbx
  artifactKey: Guid(121b3e4327609724281b4c7ed977f79f) Importer(815301076,1909f56bfc062723c751e8b465ee728b)
Start importing Assets/Personaje/Proyecto/TPose.fbx using Guid(121b3e4327609724281b4c7ed977f79f) Importer(815301076,1909f56bfc062723c751e8b465ee728b)  -> (artifact id: 'f722b921c270ca36000a046828244aed') in 2.277790 seconds 
  Import took 2.281212 seconds .

========================================================================
Received Import Request.
  Time since last request: 10.774126 seconds.
  path: Assets/Personaje/Proyecto/9TQRL6UBYMG3K40SPNPPR3I3G.jpg
  artifactKey: Guid(a986702b75e101a4d9b465d9cfb10cb8) Importer(815301076,1909f56bfc062723c751e8b465ee728b)
Start importing Assets/Personaje/Proyecto/9TQRL6UBYMG3K40SPNPPR3I3G.jpg using Guid(a986702b75e101a4d9b465d9cfb10cb8) Importer(815301076,1909f56bfc062723c751e8b465ee728b)  -> (artifact id: '1d4c93899f99a320c6d9e47f41449130') in 1.526585 seconds 
  Import took 1.530690 seconds .

========================================================================
Received Import Request.
  Time since last request: 0.000230 seconds.
  path: Assets/Personaje/Proyecto/diss_01.png
  artifactKey: Guid(9119d1df10a64ab4e93c9c9fb5fa8af0) Importer(815301076,1909f56bfc062723c751e8b465ee728b)
Start importing Assets/Personaje/Proyecto/diss_01.png using Guid(9119d1df10a64ab4e93c9c9fb5fa8af0) Importer(815301076,1909f56bfc062723c751e8b465ee728b)  -> (artifact id: 'c1e5b87468edc95ff60bd9f3d17c52ee') in 0.039771 seconds 
  Import took 0.042735 seconds .

========================================================================
Received Import Request.
  Time since last request: 0.000269 seconds.
  path: Assets/Personaje/Proyecto/default-grey.jpg
  artifactKey: Guid(110f939d049f0444aa6daa835fc913f7) Importer(815301076,1909f56bfc062723c751e8b465ee728b)
Start importing Assets/Personaje/Proyecto/default-grey.jpg using Guid(110f939d049f0444aa6daa835fc913f7) Importer(815301076,1909f56bfc062723c751e8b465ee728b)  -> (artifact id: '177b0b5ebe142f1d9ce20964a577ce31') in 0.055723 seconds 
  Import took 0.058063 seconds .

========================================================================
Received Import Request.
  Time since last request: 0.000239 seconds.
  path: Assets/Personaje/Proyecto/diss_00.png
  artifactKey: Guid(a83229549f5ff254ea3c2f09b776d8ce) Importer(815301076,1909f56bfc062723c751e8b465ee728b)
Start importing Assets/Personaje/Proyecto/diss_00.png using Guid(a83229549f5ff254ea3c2f09b776d8ce) Importer(815301076,1909f56bfc062723c751e8b465ee728b)  -> (artifact id: '46a8a3de4083e75599d3839b2a72ee71') in 0.036042 seconds 
  Import took 0.039182 seconds .

========================================================================
Received Import Request.
  Time since last request: 0.000272 seconds.
  path: Assets/Personaje/Proyecto/TPose.fbx
  artifactKey: Guid(121b3e4327609724281b4c7ed977f79f) Importer(815301076,1909f56bfc062723c751e8b465ee728b)
Start importing Assets/Personaje/Proyecto/TPose.fbx using Guid(121b3e4327609724281b4c7ed977f79f) Importer(815301076,1909f56bfc062723c751e8b465ee728b)  -> (artifact id: 'ce744b48a333ccfe7daab01e34594f8a') in 0.047816 seconds 
  Import took 0.050920 seconds .

========================================================================
Received Import Request.
  Time since last request: 17.886981 seconds.
  path: Assets/Personaje/Proyecto/mat_0.mat
  artifactKey: Guid(2a08a849bf7b9644fb472cc2fb370cba) Importer(815301076,1909f56bfc062723c751e8b465ee728b)
Start importing Assets/Personaje/Proyecto/mat_0.mat using Guid(2a08a849bf7b9644fb472cc2fb370cba) Importer(815301076,1909f56bfc062723c751e8b465ee728b)  -> (artifact id: 'fe1cfc138939703fa1135ec7bfcebde6') in 0.038187 seconds 
  Import took 0.042883 seconds .

========================================================================
Received Import Request.
  Time since last request: 0.000872 seconds.
  path: Assets/Personaje/Proyecto/mat_1.mat
  artifactKey: Guid(ccfd92a372e58454db894372d1e71be7) Importer(815301076,1909f56bfc062723c751e8b465ee728b)
Start importing Assets/Personaje/Proyecto/mat_1.mat using Guid(ccfd92a372e58454db894372d1e71be7) Importer(815301076,1909f56bfc062723c751e8b465ee728b)  -> (artifact id: '3570c3066074aab0e69bad33b09812ca') in 0.022224 seconds 
  Import took 0.025522 seconds .

========================================================================
Received Import Request.
  Time since last request: 0.000221 seconds.
  path: Assets/Personaje/Proyecto/TPose.fbx
  artifactKey: Guid(121b3e4327609724281b4c7ed977f79f) Importer(815301076,1909f56bfc062723c751e8b465ee728b)
Start importing Assets/Personaje/Proyecto/TPose.fbx using Guid(121b3e4327609724281b4c7ed977f79f) Importer(815301076,1909f56bfc062723c751e8b465ee728b)  -> (artifact id: '58c8a435cdaf7872028ababbd09e8147') in 0.043247 seconds 
  Import took 0.046975 seconds .

========================================================================
Received Import Request.
  Time since last request: 26.287612 seconds.
  path: Assets/Personaje/Proyecto/TPose.fbx
  artifactKey: Guid(121b3e4327609724281b4c7ed977f79f) Importer(815301076,1909f56bfc062723c751e8b465ee728b)
Start importing Assets/Personaje/Proyecto/TPose.fbx using Guid(121b3e4327609724281b4c7ed977f79f) Importer(815301076,1909f56bfc062723c751e8b465ee728b)  -> (artifact id: '3b9d59df7cd48acb66e053749d0a25e8') in 0.052410 seconds 
  Import took 0.056709 seconds .

========================================================================
Received Import Request.
  Time since last request: 21.313281 seconds.
  path: Assets/Animaciones/Proyecto
  artifactKey: Guid(e59840c1b7d0c8845808842a6981637d) Importer(815301076,1909f56bfc062723c751e8b465ee728b)
Start importing Assets/Animaciones/Proyecto using Guid(e59840c1b7d0c8845808842a6981637d) Importer(815301076,1909f56bfc062723c751e8b465ee728b)  -> (artifact id: 'f65abe2b0e926fa594d43ed58ffac45a') in 0.003654 seconds 
  Import took 0.008879 seconds .

========================================================================
Received Import Request.
  Time since last request: 83.926815 seconds.
  path: Assets/Animaciones/Proyecto/Point.fbx
  artifactKey: Guid(4ab076f1cfa851449b6ac6f2df3c7a79) Importer(815301076,1909f56bfc062723c751e8b465ee728b)
Start importing Assets/Animaciones/Proyecto/Point.fbx using Guid(4ab076f1cfa851449b6ac6f2df3c7a79) Importer(815301076,1909f56bfc062723c751e8b465ee728b)  -> (artifact id: 'b4d078403707bc6ac9387f4a59f22630') in 0.096530 seconds 
  Import took 0.100951 seconds .

========================================================================
Received Import Request.
  Time since last request: 0.000267 seconds.
  path: Assets/Animaciones/Proyecto/walk.fbx
  artifactKey: Guid(0b7d6b9d7c9aab8429f833c83b0bec7c) Importer(815301076,1909f56bfc062723c751e8b465ee728b)
Start importing Assets/Animaciones/Proyecto/walk.fbx using Guid(0b7d6b9d7c9aab8429f833c83b0bec7c) Importer(815301076,1909f56bfc062723c751e8b465ee728b)  -> (artifact id: '4f1eaa3b51b1503b902ebf063f134136') in 0.067557 seconds 
  Import took 0.070319 seconds .

========================================================================
Received Import Request.
  Time since last request: 14.009291 seconds.
  path: Assets/Animaciones/Proyecto/Point.fbx
  artifactKey: Guid(4ab076f1cfa851449b6ac6f2df3c7a79) Importer(815301076,1909f56bfc062723c751e8b465ee728b)
Start importing Assets/Animaciones/Proyecto/Point.fbx using Guid(4ab076f1cfa851449b6ac6f2df3c7a79) Importer(815301076,1909f56bfc062723c751e8b465ee728b)  -> (artifact id: 'f515ed1a92552fcda55b7484452e6542') in 0.077731 seconds 
  Import took 0.081267 seconds .

========================================================================
Received Import Request.
  Time since last request: 81.489354 seconds.
  path: Assets/Personaje/Proyecto/TPoseP.fbx
  artifactKey: Guid(121b3e4327609724281b4c7ed977f79f) Importer(815301076,1909f56bfc062723c751e8b465ee728b)
Start importing Assets/Personaje/Proyecto/TPoseP.fbx using Guid(121b3e4327609724281b4c7ed977f79f) Importer(815301076,1909f56bfc062723c751e8b465ee728b)  -> (artifact id: '3753e199d934c3036c63c570b8cb17b3') in 0.085658 seconds 
  Import took 0.090817 seconds .

========================================================================
Received Import Request.
  Time since last request: 16.310595 seconds.
  path: Assets/Animaciones/Proyecto/Point.fbx
  artifactKey: Guid(4ab076f1cfa851449b6ac6f2df3c7a79) Importer(815301076,1909f56bfc062723c751e8b465ee728b)
Start importing Assets/Animaciones/Proyecto/Point.fbx using Guid(4ab076f1cfa851449b6ac6f2df3c7a79) Importer(815301076,1909f56bfc062723c751e8b465ee728b)  -> (artifact id: '5503c65be1a3aacb4ec56c25b132e8a6') in 0.083633 seconds 
  Import took 0.089897 seconds .

========================================================================
Received Import Request.
  Time since last request: 62.564932 seconds.
  path: Assets/Animaciones/Proyecto/Idle.fbx
  artifactKey: Guid(0347b928231c2df419b0a9eab117833e) Importer(815301076,1909f56bfc062723c751e8b465ee728b)
Start importing Assets/Animaciones/Proyecto/Idle.fbx using Guid(0347b928231c2df419b0a9eab117833e) Importer(815301076,1909f56bfc062723c751e8b465ee728b)  -> (artifact id: '497b802365762740734d00cfa0e4d40f') in 0.120680 seconds 
  Import took 0.128658 seconds .

========================================================================
Received Import Request.
  Time since last request: 11.843321 seconds.
  path: Assets/Animaciones/Proyecto/Idle.fbx
  artifactKey: Guid(0347b928231c2df419b0a9eab117833e) Importer(815301076,1909f56bfc062723c751e8b465ee728b)
Start importing Assets/Animaciones/Proyecto/Idle.fbx using Guid(0347b928231c2df419b0a9eab117833e) Importer(815301076,1909f56bfc062723c751e8b465ee728b)  -> (artifact id: '26259f810c75d92ac465a43d2dbfd06a') in 0.064065 seconds 
  Import took 0.067839 seconds .

========================================================================
Received Import Request.
  Time since last request: 13.950447 seconds.
  path: Assets/Animaciones/Proyecto/Idle.fbx
  artifactKey: Guid(0347b928231c2df419b0a9eab117833e) Importer(815301076,1909f56bfc062723c751e8b465ee728b)
Start importing Assets/Animaciones/Proyecto/Idle.fbx using Guid(0347b928231c2df419b0a9eab117833e) Importer(815301076,1909f56bfc062723c751e8b465ee728b)  -> (artifact id: 'b0ee0dd1ebf8c64b32246884263cf77d') in 0.049905 seconds 
  Import took 0.052999 seconds .

========================================================================
Received Import Request.
  Time since last request: 12.539676 seconds.
  path: Assets/Animaciones/Proyecto/Point.fbx
  artifactKey: Guid(4ab076f1cfa851449b6ac6f2df3c7a79) Importer(815301076,1909f56bfc062723c751e8b465ee728b)
Start importing Assets/Animaciones/Proyecto/Point.fbx using Guid(4ab076f1cfa851449b6ac6f2df3c7a79) Importer(815301076,1909f56bfc062723c751e8b465ee728b)  -> (artifact id: 'b2bab7ae9f92cfcf58a450f489ef071a') in 0.070875 seconds 
  Import took 0.075337 seconds .

========================================================================
Received Import Request.
  Time since last request: 18.469676 seconds.
  path: Assets/Animaciones/Proyecto/walk.fbx
  artifactKey: Guid(0b7d6b9d7c9aab8429f833c83b0bec7c) Importer(815301076,1909f56bfc062723c751e8b465ee728b)
Start importing Assets/Animaciones/Proyecto/walk.fbx using Guid(0b7d6b9d7c9aab8429f833c83b0bec7c) Importer(815301076,1909f56bfc062723c751e8b465ee728b)  -> (artifact id: '9e6ea596b649a2178bd17c4ba6201deb') in 0.057579 seconds 
  Import took 0.061678 seconds .

========================================================================
Received Import Request.
  Time since last request: 7.738330 seconds.
  path: Assets/Animaciones/Proyecto/walk.fbx
  artifactKey: Guid(0b7d6b9d7c9aab8429f833c83b0bec7c) Importer(815301076,1909f56bfc062723c751e8b465ee728b)
Start importing Assets/Animaciones/Proyecto/walk.fbx using Guid(0b7d6b9d7c9aab8429f833c83b0bec7c) Importer(815301076,1909f56bfc062723c751e8b465ee728b)  -> (artifact id: '2cc572404948a508f27335b051f9d80f') in 0.058318 seconds 
  Import took 0.064366 seconds .

========================================================================
Received Import Request.
  Time since last request: 11.205777 seconds.
  path: Assets/Animaciones/Proyecto/New Animator Controller.controller
  artifactKey: Guid(23a26f49bae526c41bfff92f6fa90e0c) Importer(815301076,1909f56bfc062723c751e8b465ee728b)
Start importing Assets/Animaciones/Proyecto/New Animator Controller.controller using Guid(23a26f49bae526c41bfff92f6fa90e0c) Importer(815301076,1909f56bfc062723c751e8b465ee728b)  -> (artifact id: 'cc67f7f8c0f266bc88d4bd42bc359aeb') in 1.130472 seconds 
  Import took 1.137085 seconds .

========================================================================
Received Prepare
Registering precompiled user dll's ...
Registered in 0.017282 seconds.
Begin MonoManager ReloadAssembly
Native extension for Lumin target not found
Native extension for LinuxStandalone target not found
Native extension for WindowsStandalone target not found
Refreshing native plugins compatible for Editor in 0.55 ms, found 5 plugins.
Preloading 2 native plugins for Editor in 0.15 ms.
System.NullReferenceException: Object reference not set to an instance of an object
  at Vuforia.EditorClasses.ExtensionTypeProvider.GetVuforiaPackageAbsPath () [0x0004a] in <0213e6f0fa134fa89db6bafa02899715>:0 
  at Vuforia.EditorClasses.ExtensionTypeProvider.IsPackageManager () [0x00000] in <0213e6f0fa134fa89db6bafa02899715>:0 
  at Vuforia.EditorClasses.ExtensionTypeProvider.ResolvePluginType () [0x00009] in <0213e6f0fa134fa89db6bafa02899715>:0 
  at Vuforia.EditorClasses.ExtensionTypeProvider.GetPluginType () [0x0000c] in <0213e6f0fa134fa89db6bafa02899715>:0 
  at Vuforia.EditorClasses.VuforiaUtilities.IsVuforiaEnabledInPlayerSettings () [0x00000] in <0213e6f0fa134fa89db6bafa02899715>:0 
  at VuforiaEnabledObserver..cctor () [0x00000] in <0213e6f0fa134fa89db6bafa02899715>:0 
UnityEngine.StackTraceUtility:ExtractStackTrace ()
UnityEngine.DebugLogHandler:LogFormat (UnityEngine.LogType,UnityEngine.Object,string,object[])
UnityEngine.Logger:Log (UnityEngine.LogType,object)
UnityEngine.Debug:LogError (object)
UnityEditor.EditorAssemblies:ProcessInitializeOnLoadAttributes (System.Type[])

System.NullReferenceException: Object reference not set to an instance of an object
  at Vuforia.EditorClasses.ExtensionTypeProvider.GetVuforiaPackageAbsPath () [0x0004a] in <0213e6f0fa134fa89db6bafa02899715>:0 
  at Vuforia.EditorClasses.ExtensionTypeProvider.IsPackageManager () [0x00000] in <0213e6f0fa134fa89db6bafa02899715>:0 
  at Vuforia.EditorClasses.ExtensionTypeProvider.ResolvePluginType () [0x00009] in <0213e6f0fa134fa89db6bafa02899715>:0 
  at Vuforia.EditorClasses.ExtensionTypeProvider.GetPluginType () [0x0000c] in <0213e6f0fa134fa89db6bafa02899715>:0 
  at Vuforia.EditorClasses.VuforiaUtilities.IsVuforiaEnabledInPlayerSettings () [0x00000] in <0213e6f0fa134fa89db6bafa02899715>:0 
  at Vuforia.EditorClasses.InitializeOnLoadVuforiaTaskRunner..cctor () [0x00015] in <0213e6f0fa134fa89db6bafa02899715>:0 
UnityEngine.StackTraceUtility:ExtractStackTrace ()
UnityEngine.DebugLogHandler:LogFormat (UnityEngine.LogType,UnityEngine.Object,string,object[])
UnityEngine.Logger:Log (UnityEngine.LogType,object)
UnityEngine.Debug:LogError (object)
UnityEditor.EditorAssemblies:ProcessInitializeOnLoadAttributes (System.Type[])

Mono: successfully reloaded assembly
- Completed reload, in  3.208 seconds
Domain Reload Profiling:
	ReloadAssembly (3340ms)
		BeginReloadAssembly (2209ms)
			ExecutionOrderSort (0ms)
			DisableScriptedObjects (380ms)
			BackupInstance (0ms)
			ReleaseScriptingObjects (0ms)
			CreateAndSetChildDomain (1223ms)
		EndReloadAssembly (936ms)
			LoadAssemblies (171ms)
			RebuildTransferFunctionScriptingTraits (0ms)
			SetupTypeCache (255ms)
			ReleaseScriptCaches (1ms)
			RebuildScriptCaches (54ms)
			SetupLoadedEditorAssemblies (391ms)
				LogAssemblyErrors (0ms)
				InitializePlatformSupportModulesInManaged (28ms)
				SetLoadedEditorAssemblies (14ms)
				RefreshPlugins (1ms)
				BeforeProcessingInitializeOnLoad (64ms)
				ProcessInitializeOnLoadAttributes (275ms)
				ProcessInitializeOnLoadMethodAttributes (3ms)
				AfterProcessingInitializeOnLoad (5ms)
				EditorAssembliesLoaded (0ms)
			ExecutionOrderSort2 (0ms)
			AwakeInstancesAfterBackupRestoration (6ms)
Platform modules already initialized, skipping
Refreshing native plugins compatible for Editor in 1.06 ms, found 5 plugins.
Preloading 2 native plugins for Editor in 0.26 ms.
Unloading 1439 Unused Serialized files (Serialized files now loaded: 0)
System memory in use before: 100.4 MB.
System memory in use after: 100.5 MB.

Unloading 39 unused Assets to reduce memory usage. Loaded Objects now: 2275.
Total: 7.121500 ms (FindLiveObjects: 0.450400 ms CreateObjectMapping: 0.155200 ms MarkObjects: 6.415800 ms  DeleteObjects: 0.096800 ms)

AssetImportParameters requested are different than current active one (requested -> active):
  custom:framework-win-MediaFoundation: 216162199b28c13a410421893ffa2e32 -> 
  custom:video-decoder-ogg-theora: a1e56fd34408186e4bbccfd4996cb3dc -> 
  custom:container-muxer-webm: aa71ff27fc2769a1b78a27578f13a17b -> 
  custom:container-demuxer-webm: 4f35f7cbe854078d1ac9338744f61a02 -> 
  custom:container-demuxer-ogg: 62fdf1f143b41e24485cea50d1cbac27 -> 
  custom:video-encoder-webm-vp8: eb34c28f22e8b96e1ab97ce403110664 -> 
  custom:video-codec-MediaFoundation-h265: 746d11721c4dcdbdad8f713fa42b33f4 -> 
  custom:video-decoder-webm-vp8: 9c59270c3fd7afecdb556c50c9e8de78 -> 
  custom:audio-decoder-ogg-vorbis: bf7c407c2cedff20999df2af8eb42d56 -> 
  custom:audio-encoder-webm-vorbis: bf7c407c2cedff20999df2af8eb42d56 -> 
========================================================================
Received Prepare
Registering precompiled user dll's ...
Registered in 0.007457 seconds.
Begin MonoManager ReloadAssembly
Native extension for Lumin target not found
Native extension for LinuxStandalone target not found
Native extension for WindowsStandalone target not found
Refreshing native plugins compatible for Editor in 0.50 ms, found 5 plugins.
Preloading 2 native plugins for Editor in 0.11 ms.
System.NullReferenceException: Object reference not set to an instance of an object
  at Vuforia.EditorClasses.ExtensionTypeProvider.GetVuforiaPackageAbsPath () [0x0004a] in <0213e6f0fa134fa89db6bafa02899715>:0 
  at Vuforia.EditorClasses.ExtensionTypeProvider.IsPackageManager () [0x00000] in <0213e6f0fa134fa89db6bafa02899715>:0 
  at Vuforia.EditorClasses.ExtensionTypeProvider.ResolvePluginType () [0x00009] in <0213e6f0fa134fa89db6bafa02899715>:0 
  at Vuforia.EditorClasses.ExtensionTypeProvider.GetPluginType () [0x0000c] in <0213e6f0fa134fa89db6bafa02899715>:0 
  at Vuforia.EditorClasses.VuforiaUtilities.IsVuforiaEnabledInPlayerSettings () [0x00000] in <0213e6f0fa134fa89db6bafa02899715>:0 
  at VuforiaEnabledObserver..cctor () [0x00000] in <0213e6f0fa134fa89db6bafa02899715>:0 
UnityEngine.StackTraceUtility:ExtractStackTrace ()
UnityEngine.DebugLogHandler:LogFormat (UnityEngine.LogType,UnityEngine.Object,string,object[])
UnityEngine.Logger:Log (UnityEngine.LogType,object)
UnityEngine.Debug:LogError (object)
UnityEditor.EditorAssemblies:ProcessInitializeOnLoadAttributes (System.Type[])

System.NullReferenceException: Object reference not set to an instance of an object
  at Vuforia.EditorClasses.ExtensionTypeProvider.GetVuforiaPackageAbsPath () [0x0004a] in <0213e6f0fa134fa89db6bafa02899715>:0 
  at Vuforia.EditorClasses.ExtensionTypeProvider.IsPackageManager () [0x00000] in <0213e6f0fa134fa89db6bafa02899715>:0 
  at Vuforia.EditorClasses.ExtensionTypeProvider.ResolvePluginType () [0x00009] in <0213e6f0fa134fa89db6bafa02899715>:0 
  at Vuforia.EditorClasses.ExtensionTypeProvider.GetPluginType () [0x0000c] in <0213e6f0fa134fa89db6bafa02899715>:0 
  at Vuforia.EditorClasses.VuforiaUtilities.IsVuforiaEnabledInPlayerSettings () [0x00000] in <0213e6f0fa134fa89db6bafa02899715>:0 
  at Vuforia.EditorClasses.InitializeOnLoadVuforiaTaskRunner..cctor () [0x00015] in <0213e6f0fa134fa89db6bafa02899715>:0 
UnityEngine.StackTraceUtility:ExtractStackTrace ()
UnityEngine.DebugLogHandler:LogFormat (UnityEngine.LogType,UnityEngine.Object,string,object[])
UnityEngine.Logger:Log (UnityEngine.LogType,object)
UnityEngine.Debug:LogError (object)
UnityEditor.EditorAssemblies:ProcessInitializeOnLoadAttributes (System.Type[])

Mono: successfully reloaded assembly
- Completed reload, in  1.040 seconds
Domain Reload Profiling:
	ReloadAssembly (1041ms)
		BeginReloadAssembly (105ms)
			ExecutionOrderSort (0ms)
			DisableScriptedObjects (4ms)
			BackupInstance (0ms)
			ReleaseScriptingObjects (0ms)
			CreateAndSetChildDomain (35ms)
		EndReloadAssembly (865ms)
			LoadAssemblies (99ms)
			RebuildTransferFunctionScriptingTraits (0ms)
			SetupTypeCache (254ms)
			ReleaseScriptCaches (1ms)
			RebuildScriptCaches (33ms)
			SetupLoadedEditorAssemblies (361ms)
				LogAssemblyErrors (0ms)
				InitializePlatformSupportModulesInManaged (6ms)
				SetLoadedEditorAssemblies (0ms)
				RefreshPlugins (1ms)
				BeforeProcessingInitializeOnLoad (67ms)
				ProcessInitializeOnLoadAttributes (278ms)
				ProcessInitializeOnLoadMethodAttributes (3ms)
				AfterProcessingInitializeOnLoad (5ms)
				EditorAssembliesLoaded (0ms)
			ExecutionOrderSort2 (0ms)
			AwakeInstancesAfterBackupRestoration (6ms)
Platform modules already initialized, skipping
Refreshing native plugins compatible for Editor in 0.50 ms, found 5 plugins.
Preloading 2 native plugins for Editor in 0.10 ms.
Unloading 1439 Unused Serialized files (Serialized files now loaded: 0)
System memory in use before: 100.4 MB.
System memory in use after: 100.5 MB.

Unloading 39 unused Assets to reduce memory usage. Loaded Objects now: 2277.
Total: 2.763500 ms (FindLiveObjects: 0.177100 ms CreateObjectMapping: 0.058300 ms MarkObjects: 2.506800 ms  DeleteObjects: 0.020400 ms)

AssetImportParameters requested are different than current active one (requested -> active):
  custom:framework-win-MediaFoundation: 216162199b28c13a410421893ffa2e32 -> 
  custom:video-decoder-ogg-theora: a1e56fd34408186e4bbccfd4996cb3dc -> 
  custom:container-muxer-webm: aa71ff27fc2769a1b78a27578f13a17b -> 
  custom:container-demuxer-webm: 4f35f7cbe854078d1ac9338744f61a02 -> 
  custom:container-demuxer-ogg: 62fdf1f143b41e24485cea50d1cbac27 -> 
  custom:video-encoder-webm-vp8: eb34c28f22e8b96e1ab97ce403110664 -> 
  custom:video-codec-MediaFoundation-h265: 746d11721c4dcdbdad8f713fa42b33f4 -> 
  custom:video-decoder-webm-vp8: 9c59270c3fd7afecdb556c50c9e8de78 -> 
  custom:audio-decoder-ogg-vorbis: bf7c407c2cedff20999df2af8eb42d56 -> 
  custom:audio-encoder-webm-vorbis: bf7c407c2cedff20999df2af8eb42d56 -> 
========================================================================
Received Prepare
Registering precompiled user dll's ...
Registered in 0.030930 seconds.
Begin MonoManager ReloadAssembly
Native extension for Lumin target not found
Native extension for LinuxStandalone target not found
Native extension for WindowsStandalone target not found
Refreshing native plugins compatible for Editor in 0.48 ms, found 5 plugins.
Preloading 2 native plugins for Editor in 0.09 ms.
System.NullReferenceException: Object reference not set to an instance of an object
  at Vuforia.EditorClasses.ExtensionTypeProvider.GetVuforiaPackageAbsPath () [0x0004a] in <0213e6f0fa134fa89db6bafa02899715>:0 
  at Vuforia.EditorClasses.ExtensionTypeProvider.IsPackageManager () [0x00000] in <0213e6f0fa134fa89db6bafa02899715>:0 
  at Vuforia.EditorClasses.ExtensionTypeProvider.ResolvePluginType () [0x00009] in <0213e6f0fa134fa89db6bafa02899715>:0 
  at Vuforia.EditorClasses.ExtensionTypeProvider.GetPluginType () [0x0000c] in <0213e6f0fa134fa89db6bafa02899715>:0 
  at Vuforia.EditorClasses.VuforiaUtilities.IsVuforiaEnabledInPlayerSettings () [0x00000] in <0213e6f0fa134fa89db6bafa02899715>:0 
  at VuforiaEnabledObserver..cctor () [0x00000] in <0213e6f0fa134fa89db6bafa02899715>:0 
UnityEngine.StackTraceUtility:ExtractStackTrace ()
UnityEngine.DebugLogHandler:LogFormat (UnityEngine.LogType,UnityEngine.Object,string,object[])
UnityEngine.Logger:Log (UnityEngine.LogType,object)
UnityEngine.Debug:LogError (object)
UnityEditor.EditorAssemblies:ProcessInitializeOnLoadAttributes (System.Type[])

System.NullReferenceException: Object reference not set to an instance of an object
  at Vuforia.EditorClasses.ExtensionTypeProvider.GetVuforiaPackageAbsPath () [0x0004a] in <0213e6f0fa134fa89db6bafa02899715>:0 
  at Vuforia.EditorClasses.ExtensionTypeProvider.IsPackageManager () [0x00000] in <0213e6f0fa134fa89db6bafa02899715>:0 
  at Vuforia.EditorClasses.ExtensionTypeProvider.ResolvePluginType () [0x00009] in <0213e6f0fa134fa89db6bafa02899715>:0 
  at Vuforia.EditorClasses.ExtensionTypeProvider.GetPluginType () [0x0000c] in <0213e6f0fa134fa89db6bafa02899715>:0 
  at Vuforia.EditorClasses.VuforiaUtilities.IsVuforiaEnabledInPlayerSettings () [0x00000] in <0213e6f0fa134fa89db6bafa02899715>:0 
  at Vuforia.EditorClasses.InitializeOnLoadVuforiaTaskRunner..cctor () [0x00015] in <0213e6f0fa134fa89db6bafa02899715>:0 
UnityEngine.StackTraceUtility:ExtractStackTrace ()
UnityEngine.DebugLogHandler:LogFormat (UnityEngine.LogType,UnityEngine.Object,string,object[])
UnityEngine.Logger:Log (UnityEngine.LogType,object)
UnityEngine.Debug:LogError (object)
UnityEditor.EditorAssemblies:ProcessInitializeOnLoadAttributes (System.Type[])

Mono: successfully reloaded assembly
- Completed reload, in  0.959 seconds
Domain Reload Profiling:
	ReloadAssembly (959ms)
		BeginReloadAssembly (106ms)
			ExecutionOrderSort (0ms)
			DisableScriptedObjects (4ms)
			BackupInstance (0ms)
			ReleaseScriptingObjects (0ms)
			CreateAndSetChildDomain (28ms)
		EndReloadAssembly (798ms)
			LoadAssemblies (79ms)
			RebuildTransferFunctionScriptingTraits (0ms)
			SetupTypeCache (289ms)
			ReleaseScriptCaches (1ms)
			RebuildScriptCaches (32ms)
			SetupLoadedEditorAssemblies (311ms)
				LogAssemblyErrors (0ms)
				InitializePlatformSupportModulesInManaged (6ms)
				SetLoadedEditorAssemblies (0ms)
				RefreshPlugins (1ms)
				BeforeProcessingInitializeOnLoad (59ms)
				ProcessInitializeOnLoadAttributes (237ms)
				ProcessInitializeOnLoadMethodAttributes (3ms)
				AfterProcessingInitializeOnLoad (5ms)
				EditorAssembliesLoaded (0ms)
			ExecutionOrderSort2 (0ms)
			AwakeInstancesAfterBackupRestoration (6ms)
Platform modules already initialized, skipping
Refreshing native plugins compatible for Editor in 0.49 ms, found 5 plugins.
Preloading 2 native plugins for Editor in 0.14 ms.
Unloading 1439 Unused Serialized files (Serialized files now loaded: 0)
System memory in use before: 100.5 MB.
System memory in use after: 100.6 MB.

Unloading 39 unused Assets to reduce memory usage. Loaded Objects now: 2279.
Total: 2.614100 ms (FindLiveObjects: 0.203000 ms CreateObjectMapping: 0.099900 ms MarkObjects: 2.288600 ms  DeleteObjects: 0.021900 ms)

AssetImportParameters requested are different than current active one (requested -> active):
  custom:framework-win-MediaFoundation: 216162199b28c13a410421893ffa2e32 -> 
  custom:video-decoder-ogg-theora: a1e56fd34408186e4bbccfd4996cb3dc -> 
  custom:container-muxer-webm: aa71ff27fc2769a1b78a27578f13a17b -> 
  custom:container-demuxer-webm: 4f35f7cbe854078d1ac9338744f61a02 -> 
  custom:container-demuxer-ogg: 62fdf1f143b41e24485cea50d1cbac27 -> 
  custom:video-encoder-webm-vp8: eb34c28f22e8b96e1ab97ce403110664 -> 
  custom:video-codec-MediaFoundation-h265: 746d11721c4dcdbdad8f713fa42b33f4 -> 
  custom:video-decoder-webm-vp8: 9c59270c3fd7afecdb556c50c9e8de78 -> 
  custom:audio-decoder-ogg-vorbis: bf7c407c2cedff20999df2af8eb42d56 -> 
  custom:audio-encoder-webm-vorbis: bf7c407c2cedff20999df2af8eb42d56 -> 
========================================================================
Received Import Request.
  Time since last request: 606.437228 seconds.
  path: Assets/Personaje/Proyecto/TPoseP.fbx
  artifactKey: Guid(121b3e4327609724281b4c7ed977f79f) Importer(815301076,1909f56bfc062723c751e8b465ee728b)
Start importing Assets/Personaje/Proyecto/TPoseP.fbx using Guid(121b3e4327609724281b4c7ed977f79f) Importer(815301076,1909f56bfc062723c751e8b465ee728b)  -> (artifact id: '0f199c41ab89472579d7322baf5c17cd') in 0.228474 seconds 
  Import took 0.231227 seconds .

========================================================================
Received Import Request.
  Time since last request: 59.112435 seconds.
  path: Assets/Animaciones/Proyecto/New Animator Controller.controller
  artifactKey: Guid(23a26f49bae526c41bfff92f6fa90e0c) Importer(815301076,1909f56bfc062723c751e8b465ee728b)
Start importing Assets/Animaciones/Proyecto/New Animator Controller.controller using Guid(23a26f49bae526c41bfff92f6fa90e0c) Importer(815301076,1909f56bfc062723c751e8b465ee728b)  -> (artifact id: 'bc177a5447c0e308dcf9343bbb6ee988') in 0.010141 seconds 
  Import took 0.015937 seconds .

========================================================================
Received Prepare
Registering precompiled user dll's ...
Registered in 0.008361 seconds.
Begin MonoManager ReloadAssembly
Native extension for Lumin target not found
Native extension for LinuxStandalone target not found
Native extension for WindowsStandalone target not found
Refreshing native plugins compatible for Editor in 0.53 ms, found 5 plugins.
Preloading 2 native plugins for Editor in 0.10 ms.
System.NullReferenceException: Object reference not set to an instance of an object
  at Vuforia.EditorClasses.ExtensionTypeProvider.GetVuforiaPackageAbsPath () [0x0004a] in <0213e6f0fa134fa89db6bafa02899715>:0 
  at Vuforia.EditorClasses.ExtensionTypeProvider.IsPackageManager () [0x00000] in <0213e6f0fa134fa89db6bafa02899715>:0 
  at Vuforia.EditorClasses.ExtensionTypeProvider.ResolvePluginType () [0x00009] in <0213e6f0fa134fa89db6bafa02899715>:0 
  at Vuforia.EditorClasses.ExtensionTypeProvider.GetPluginType () [0x0000c] in <0213e6f0fa134fa89db6bafa02899715>:0 
  at Vuforia.EditorClasses.VuforiaUtilities.IsVuforiaEnabledInPlayerSettings () [0x00000] in <0213e6f0fa134fa89db6bafa02899715>:0 
  at VuforiaEnabledObserver..cctor () [0x00000] in <0213e6f0fa134fa89db6bafa02899715>:0 
UnityEngine.StackTraceUtility:ExtractStackTrace ()
UnityEngine.DebugLogHandler:LogFormat (UnityEngine.LogType,UnityEngine.Object,string,object[])
UnityEngine.Logger:Log (UnityEngine.LogType,object)
UnityEngine.Debug:LogError (object)
UnityEditor.EditorAssemblies:ProcessInitializeOnLoadAttributes (System.Type[])

System.NullReferenceException: Object reference not set to an instance of an object
  at Vuforia.EditorClasses.ExtensionTypeProvider.GetVuforiaPackageAbsPath () [0x0004a] in <0213e6f0fa134fa89db6bafa02899715>:0 
  at Vuforia.EditorClasses.ExtensionTypeProvider.IsPackageManager () [0x00000] in <0213e6f0fa134fa89db6bafa02899715>:0 
  at Vuforia.EditorClasses.ExtensionTypeProvider.ResolvePluginType () [0x00009] in <0213e6f0fa134fa89db6bafa02899715>:0 
  at Vuforia.EditorClasses.ExtensionTypeProvider.GetPluginType () [0x0000c] in <0213e6f0fa134fa89db6bafa02899715>:0 
  at Vuforia.EditorClasses.VuforiaUtilities.IsVuforiaEnabledInPlayerSettings () [0x00000] in <0213e6f0fa134fa89db6bafa02899715>:0 
  at Vuforia.EditorClasses.InitializeOnLoadVuforiaTaskRunner..cctor () [0x00015] in <0213e6f0fa134fa89db6bafa02899715>:0 
UnityEngine.StackTraceUtility:ExtractStackTrace ()
UnityEngine.DebugLogHandler:LogFormat (UnityEngine.LogType,UnityEngine.Object,string,object[])
UnityEngine.Logger:Log (UnityEngine.LogType,object)
UnityEngine.Debug:LogError (object)
UnityEditor.EditorAssemblies:ProcessInitializeOnLoadAttributes (System.Type[])

Mono: successfully reloaded assembly
- Completed reload, in  0.988 seconds
Domain Reload Profiling:
	ReloadAssembly (988ms)
		BeginReloadAssembly (103ms)
			ExecutionOrderSort (0ms)
			DisableScriptedObjects (4ms)
			BackupInstance (0ms)
			ReleaseScriptingObjects (0ms)
			CreateAndSetChildDomain (31ms)
		EndReloadAssembly (833ms)
			LoadAssemblies (75ms)
			RebuildTransferFunctionScriptingTraits (0ms)
			SetupTypeCache (242ms)
			ReleaseScriptCaches (1ms)
			RebuildScriptCaches (34ms)
			SetupLoadedEditorAssemblies (401ms)
				LogAssemblyErrors (0ms)
				InitializePlatformSupportModulesInManaged (6ms)
				SetLoadedEditorAssemblies (0ms)
				RefreshPlugins (1ms)
				BeforeProcessingInitializeOnLoad (61ms)
				ProcessInitializeOnLoadAttributes (325ms)
				ProcessInitializeOnLoadMethodAttributes (3ms)
				AfterProcessingInitializeOnLoad (5ms)
				EditorAssembliesLoaded (0ms)
			ExecutionOrderSort2 (0ms)
			AwakeInstancesAfterBackupRestoration (6ms)
Platform modules already initialized, skipping
Refreshing native plugins compatible for Editor in 0.50 ms, found 5 plugins.
Preloading 2 native plugins for Editor in 0.09 ms.
Unloading 1439 Unused Serialized files (Serialized files now loaded: 0)
System memory in use before: 100.5 MB.
System memory in use after: 100.6 MB.

Unloading 39 unused Assets to reduce memory usage. Loaded Objects now: 2282.
Total: 2.479500 ms (FindLiveObjects: 0.189100 ms CreateObjectMapping: 0.057300 ms MarkObjects: 2.214000 ms  DeleteObjects: 0.018200 ms)

AssetImportParameters requested are different than current active one (requested -> active):
  custom:framework-win-MediaFoundation: 216162199b28c13a410421893ffa2e32 -> 
  custom:video-decoder-ogg-theora: a1e56fd34408186e4bbccfd4996cb3dc -> 
  custom:container-muxer-webm: aa71ff27fc2769a1b78a27578f13a17b -> 
  custom:container-demuxer-webm: 4f35f7cbe854078d1ac9338744f61a02 -> 
  custom:container-demuxer-ogg: 62fdf1f143b41e24485cea50d1cbac27 -> 
  custom:video-encoder-webm-vp8: eb34c28f22e8b96e1ab97ce403110664 -> 
  custom:video-codec-MediaFoundation-h265: 746d11721c4dcdbdad8f713fa42b33f4 -> 
  custom:video-decoder-webm-vp8: 9c59270c3fd7afecdb556c50c9e8de78 -> 
  custom:audio-decoder-ogg-vorbis: bf7c407c2cedff20999df2af8eb42d56 -> 
  custom:audio-encoder-webm-vorbis: bf7c407c2cedff20999df2af8eb42d56 -> 
========================================================================
Received Import Request.
  Time since last request: 344.539118 seconds.
  path: Assets/Animaciones/Proyecto/Idle.fbx
  artifactKey: Guid(0347b928231c2df419b0a9eab117833e) Importer(815301076,1909f56bfc062723c751e8b465ee728b)
Start importing Assets/Animaciones/Proyecto/Idle.fbx using Guid(0347b928231c2df419b0a9eab117833e) Importer(815301076,1909f56bfc062723c751e8b465ee728b)  -> (artifact id: '837d618ff1a2a323347836421aaf8af3') in 0.578392 seconds 
  Import took 0.581945 seconds .

========================================================================
Received Prepare
Registering precompiled user dll's ...
Registered in 0.015523 seconds.
Begin MonoManager ReloadAssembly
Native extension for Lumin target not found
Native extension for LinuxStandalone target not found
Native extension for WindowsStandalone target not found
Refreshing native plugins compatible for Editor in 0.54 ms, found 5 plugins.
Preloading 2 native plugins for Editor in 0.12 ms.
System.NullReferenceException: Object reference not set to an instance of an object
  at Vuforia.EditorClasses.ExtensionTypeProvider.GetVuforiaPackageAbsPath () [0x0004a] in <0213e6f0fa134fa89db6bafa02899715>:0 
  at Vuforia.EditorClasses.ExtensionTypeProvider.IsPackageManager () [0x00000] in <0213e6f0fa134fa89db6bafa02899715>:0 
  at Vuforia.EditorClasses.ExtensionTypeProvider.ResolvePluginType () [0x00009] in <0213e6f0fa134fa89db6bafa02899715>:0 
  at Vuforia.EditorClasses.ExtensionTypeProvider.GetPluginType () [0x0000c] in <0213e6f0fa134fa89db6bafa02899715>:0 
  at Vuforia.EditorClasses.VuforiaUtilities.IsVuforiaEnabledInPlayerSettings () [0x00000] in <0213e6f0fa134fa89db6bafa02899715>:0 
  at VuforiaEnabledObserver..cctor () [0x00000] in <0213e6f0fa134fa89db6bafa02899715>:0 
UnityEngine.StackTraceUtility:ExtractStackTrace ()
UnityEngine.DebugLogHandler:LogFormat (UnityEngine.LogType,UnityEngine.Object,string,object[])
UnityEngine.Logger:Log (UnityEngine.LogType,object)
UnityEngine.Debug:LogError (object)
UnityEditor.EditorAssemblies:ProcessInitializeOnLoadAttributes (System.Type[])

System.NullReferenceException: Object reference not set to an instance of an object
  at Vuforia.EditorClasses.ExtensionTypeProvider.GetVuforiaPackageAbsPath () [0x0004a] in <0213e6f0fa134fa89db6bafa02899715>:0 
  at Vuforia.EditorClasses.ExtensionTypeProvider.IsPackageManager () [0x00000] in <0213e6f0fa134fa89db6bafa02899715>:0 
  at Vuforia.EditorClasses.ExtensionTypeProvider.ResolvePluginType () [0x00009] in <0213e6f0fa134fa89db6bafa02899715>:0 
  at Vuforia.EditorClasses.ExtensionTypeProvider.GetPluginType () [0x0000c] in <0213e6f0fa134fa89db6bafa02899715>:0 
  at Vuforia.EditorClasses.VuforiaUtilities.IsVuforiaEnabledInPlayerSettings () [0x00000] in <0213e6f0fa134fa89db6bafa02899715>:0 
  at Vuforia.EditorClasses.InitializeOnLoadVuforiaTaskRunner..cctor () [0x00015] in <0213e6f0fa134fa89db6bafa02899715>:0 
UnityEngine.StackTraceUtility:ExtractStackTrace ()
UnityEngine.DebugLogHandler:LogFormat (UnityEngine.LogType,UnityEngine.Object,string,object[])
UnityEngine.Logger:Log (UnityEngine.LogType,object)
UnityEngine.Debug:LogError (object)
UnityEditor.EditorAssemblies:ProcessInitializeOnLoadAttributes (System.Type[])

Mono: successfully reloaded assembly
- Completed reload, in  0.943 seconds
Domain Reload Profiling:
	ReloadAssembly (943ms)
		BeginReloadAssembly (107ms)
			ExecutionOrderSort (0ms)
			DisableScriptedObjects (3ms)
			BackupInstance (0ms)
			ReleaseScriptingObjects (0ms)
			CreateAndSetChildDomain (34ms)
		EndReloadAssembly (784ms)
			LoadAssemblies (71ms)
			RebuildTransferFunctionScriptingTraits (0ms)
			SetupTypeCache (244ms)
			ReleaseScriptCaches (1ms)
			RebuildScriptCaches (32ms)
			SetupLoadedEditorAssemblies (321ms)
				LogAssemblyErrors (0ms)
				InitializePlatformSupportModulesInManaged (6ms)
				SetLoadedEditorAssemblies (0ms)
				RefreshPlugins (1ms)
				BeforeProcessingInitializeOnLoad (65ms)
				ProcessInitializeOnLoadAttributes (241ms)
				ProcessInitializeOnLoadMethodAttributes (3ms)
				AfterProcessingInitializeOnLoad (5ms)
				EditorAssembliesLoaded (0ms)
			ExecutionOrderSort2 (0ms)
			AwakeInstancesAfterBackupRestoration (6ms)
Platform modules already initialized, skipping
Refreshing native plugins compatible for Editor in 0.65 ms, found 5 plugins.
Preloading 2 native plugins for Editor in 0.12 ms.
Unloading 1439 Unused Serialized files (Serialized files now loaded: 0)
System memory in use before: 100.5 MB.
System memory in use after: 100.6 MB.

Unloading 39 unused Assets to reduce memory usage. Loaded Objects now: 2285.
Total: 2.483100 ms (FindLiveObjects: 0.183000 ms CreateObjectMapping: 0.058100 ms MarkObjects: 2.222000 ms  DeleteObjects: 0.019000 ms)

AssetImportParameters requested are different than current active one (requested -> active):
  custom:framework-win-MediaFoundation: 216162199b28c13a410421893ffa2e32 -> 
  custom:video-decoder-ogg-theora: a1e56fd34408186e4bbccfd4996cb3dc -> 
  custom:container-muxer-webm: aa71ff27fc2769a1b78a27578f13a17b -> 
  custom:container-demuxer-webm: 4f35f7cbe854078d1ac9338744f61a02 -> 
  custom:container-demuxer-ogg: 62fdf1f143b41e24485cea50d1cbac27 -> 
  custom:video-encoder-webm-vp8: eb34c28f22e8b96e1ab97ce403110664 -> 
  custom:video-codec-MediaFoundation-h265: 746d11721c4dcdbdad8f713fa42b33f4 -> 
  custom:video-decoder-webm-vp8: 9c59270c3fd7afecdb556c50c9e8de78 -> 
  custom:audio-decoder-ogg-vorbis: bf7c407c2cedff20999df2af8eb42d56 -> 
  custom:audio-encoder-webm-vorbis: bf7c407c2cedff20999df2af8eb42d56 -> 
========================================================================
Received Import Request.
  Time since last request: 628.085779 seconds.
  path: Assets/Animaciones/Proyecto/Idle.fbx
  artifactKey: Guid(0347b928231c2df419b0a9eab117833e) Importer(815301076,1909f56bfc062723c751e8b465ee728b)
Start importing Assets/Animaciones/Proyecto/Idle.fbx using Guid(0347b928231c2df419b0a9eab117833e) Importer(815301076,1909f56bfc062723c751e8b465ee728b)  -> (artifact id: 'f3d16515eea7e25bdacd39875e5f81af') in 0.155766 seconds 
  Import took 0.160791 seconds .

========================================================================
Received Prepare
Registering precompiled user dll's ...
Registered in 0.027150 seconds.
Begin MonoManager ReloadAssembly
Native extension for Lumin target not found
Native extension for LinuxStandalone target not found
Native extension for WindowsStandalone target not found
Refreshing native plugins compatible for Editor in 0.48 ms, found 5 plugins.
Preloading 2 native plugins for Editor in 0.10 ms.
System.NullReferenceException: Object reference not set to an instance of an object
  at Vuforia.EditorClasses.ExtensionTypeProvider.GetVuforiaPackageAbsPath () [0x0004a] in <0213e6f0fa134fa89db6bafa02899715>:0 
  at Vuforia.EditorClasses.ExtensionTypeProvider.IsPackageManager () [0x00000] in <0213e6f0fa134fa89db6bafa02899715>:0 
  at Vuforia.EditorClasses.ExtensionTypeProvider.ResolvePluginType () [0x00009] in <0213e6f0fa134fa89db6bafa02899715>:0 
  at Vuforia.EditorClasses.ExtensionTypeProvider.GetPluginType () [0x0000c] in <0213e6f0fa134fa89db6bafa02899715>:0 
  at Vuforia.EditorClasses.VuforiaUtilities.IsVuforiaEnabledInPlayerSettings () [0x00000] in <0213e6f0fa134fa89db6bafa02899715>:0 
  at VuforiaEnabledObserver..cctor () [0x00000] in <0213e6f0fa134fa89db6bafa02899715>:0 
UnityEngine.StackTraceUtility:ExtractStackTrace ()
UnityEngine.DebugLogHandler:LogFormat (UnityEngine.LogType,UnityEngine.Object,string,object[])
UnityEngine.Logger:Log (UnityEngine.LogType,object)
UnityEngine.Debug:LogError (object)
UnityEditor.EditorAssemblies:ProcessInitializeOnLoadAttributes (System.Type[])

System.NullReferenceException: Object reference not set to an instance of an object
  at Vuforia.EditorClasses.ExtensionTypeProvider.GetVuforiaPackageAbsPath () [0x0004a] in <0213e6f0fa134fa89db6bafa02899715>:0 
  at Vuforia.EditorClasses.ExtensionTypeProvider.IsPackageManager () [0x00000] in <0213e6f0fa134fa89db6bafa02899715>:0 
  at Vuforia.EditorClasses.ExtensionTypeProvider.ResolvePluginType () [0x00009] in <0213e6f0fa134fa89db6bafa02899715>:0 
  at Vuforia.EditorClasses.ExtensionTypeProvider.GetPluginType () [0x0000c] in <0213e6f0fa134fa89db6bafa02899715>:0 
  at Vuforia.EditorClasses.VuforiaUtilities.IsVuforiaEnabledInPlayerSettings () [0x00000] in <0213e6f0fa134fa89db6bafa02899715>:0 
  at Vuforia.EditorClasses.InitializeOnLoadVuforiaTaskRunner..cctor () [0x00015] in <0213e6f0fa134fa89db6bafa02899715>:0 
UnityEngine.StackTraceUtility:ExtractStackTrace ()
UnityEngine.DebugLogHandler:LogFormat (UnityEngine.LogType,UnityEngine.Object,string,object[])
UnityEngine.Logger:Log (UnityEngine.LogType,object)
UnityEngine.Debug:LogError (object)
UnityEditor.EditorAssemblies:ProcessInitializeOnLoadAttributes (System.Type[])

Mono: successfully reloaded assembly
- Completed reload, in  1.271 seconds
Domain Reload Profiling:
	ReloadAssembly (1272ms)
		BeginReloadAssembly (195ms)
			ExecutionOrderSort (0ms)
			DisableScriptedObjects (4ms)
			BackupInstance (0ms)
			ReleaseScriptingObjects (0ms)
			CreateAndSetChildDomain (42ms)
		EndReloadAssembly (884ms)
			LoadAssemblies (189ms)
			RebuildTransferFunctionScriptingTraits (0ms)
			SetupTypeCache (260ms)
			ReleaseScriptCaches (1ms)
			RebuildScriptCaches (32ms)
			SetupLoadedEditorAssemblies (402ms)
				LogAssemblyErrors (0ms)
				InitializePlatformSupportModulesInManaged (6ms)
				SetLoadedEditorAssemblies (0ms)
				RefreshPlugins (1ms)
				BeforeProcessingInitializeOnLoad (63ms)
				ProcessInitializeOnLoadAttributes (323ms)
				ProcessInitializeOnLoadMethodAttributes (3ms)
				AfterProcessingInitializeOnLoad (5ms)
				EditorAssembliesLoaded (0ms)
			ExecutionOrderSort2 (0ms)
			AwakeInstancesAfterBackupRestoration (6ms)
Platform modules already initialized, skipping
Refreshing native plugins compatible for Editor in 0.49 ms, found 5 plugins.
Preloading 2 native plugins for Editor in 0.10 ms.
Unloading 1439 Unused Serialized files (Serialized files now loaded: 0)
System memory in use before: 100.5 MB.
System memory in use after: 100.6 MB.

Unloading 39 unused Assets to reduce memory usage. Loaded Objects now: 2288.
Total: 2.451500 ms (FindLiveObjects: 0.176600 ms CreateObjectMapping: 0.056700 ms MarkObjects: 2.198800 ms  DeleteObjects: 0.018700 ms)

AssetImportParameters requested are different than current active one (requested -> active):
  custom:framework-win-MediaFoundation: 216162199b28c13a410421893ffa2e32 -> 
  custom:video-decoder-ogg-theora: a1e56fd34408186e4bbccfd4996cb3dc -> 
  custom:container-muxer-webm: aa71ff27fc2769a1b78a27578f13a17b -> 
  custom:container-demuxer-webm: 4f35f7cbe854078d1ac9338744f61a02 -> 
  custom:container-demuxer-ogg: 62fdf1f143b41e24485cea50d1cbac27 -> 
  custom:video-encoder-webm-vp8: eb34c28f22e8b96e1ab97ce403110664 -> 
  custom:video-codec-MediaFoundation-h265: 746d11721c4dcdbdad8f713fa42b33f4 -> 
  custom:video-decoder-webm-vp8: 9c59270c3fd7afecdb556c50c9e8de78 -> 
  custom:audio-decoder-ogg-vorbis: bf7c407c2cedff20999df2af8eb42d56 -> 
  custom:audio-encoder-webm-vorbis: bf7c407c2cedff20999df2af8eb42d56 -> 
========================================================================
Received Prepare
Registering precompiled user dll's ...
Registered in 0.007676 seconds.
Begin MonoManager ReloadAssembly
Native extension for Lumin target not found
Native extension for LinuxStandalone target not found
Native extension for WindowsStandalone target not found
Refreshing native plugins compatible for Editor in 0.65 ms, found 5 plugins.
Preloading 2 native plugins for Editor in 0.15 ms.
System.NullReferenceException: Object reference not set to an instance of an object
  at Vuforia.EditorClasses.ExtensionTypeProvider.GetVuforiaPackageAbsPath () [0x0004a] in <0213e6f0fa134fa89db6bafa02899715>:0 
  at Vuforia.EditorClasses.ExtensionTypeProvider.IsPackageManager () [0x00000] in <0213e6f0fa134fa89db6bafa02899715>:0 
  at Vuforia.EditorClasses.ExtensionTypeProvider.ResolvePluginType () [0x00009] in <0213e6f0fa134fa89db6bafa02899715>:0 
  at Vuforia.EditorClasses.ExtensionTypeProvider.GetPluginType () [0x0000c] in <0213e6f0fa134fa89db6bafa02899715>:0 
  at Vuforia.EditorClasses.VuforiaUtilities.IsVuforiaEnabledInPlayerSettings () [0x00000] in <0213e6f0fa134fa89db6bafa02899715>:0 
  at VuforiaEnabledObserver..cctor () [0x00000] in <0213e6f0fa134fa89db6bafa02899715>:0 
UnityEngine.StackTraceUtility:ExtractStackTrace ()
UnityEngine.DebugLogHandler:LogFormat (UnityEngine.LogType,UnityEngine.Object,string,object[])
UnityEngine.Logger:Log (UnityEngine.LogType,object)
UnityEngine.Debug:LogError (object)
UnityEditor.EditorAssemblies:ProcessInitializeOnLoadAttributes (System.Type[])

System.NullReferenceException: Object reference not set to an instance of an object
  at Vuforia.EditorClasses.ExtensionTypeProvider.GetVuforiaPackageAbsPath () [0x0004a] in <0213e6f0fa134fa89db6bafa02899715>:0 
  at Vuforia.EditorClasses.ExtensionTypeProvider.IsPackageManager () [0x00000] in <0213e6f0fa134fa89db6bafa02899715>:0 
  at Vuforia.EditorClasses.ExtensionTypeProvider.ResolvePluginType () [0x00009] in <0213e6f0fa134fa89db6bafa02899715>:0 
  at Vuforia.EditorClasses.ExtensionTypeProvider.GetPluginType () [0x0000c] in <0213e6f0fa134fa89db6bafa02899715>:0 
  at Vuforia.EditorClasses.VuforiaUtilities.IsVuforiaEnabledInPlayerSettings () [0x00000] in <0213e6f0fa134fa89db6bafa02899715>:0 
  at Vuforia.EditorClasses.InitializeOnLoadVuforiaTaskRunner..cctor () [0x00015] in <0213e6f0fa134fa89db6bafa02899715>:0 
UnityEngine.StackTraceUtility:ExtractStackTrace ()
UnityEngine.DebugLogHandler:LogFormat (UnityEngine.LogType,UnityEngine.Object,string,object[])
UnityEngine.Logger:Log (UnityEngine.LogType,object)
UnityEngine.Debug:LogError (object)
UnityEditor.EditorAssemblies:ProcessInitializeOnLoadAttributes (System.Type[])

Mono: successfully reloaded assembly
- Completed reload, in  1.019 seconds
Domain Reload Profiling:
	ReloadAssembly (1020ms)
		BeginReloadAssembly (147ms)
			ExecutionOrderSort (0ms)
			DisableScriptedObjects (4ms)
			BackupInstance (0ms)
			ReleaseScriptingObjects (0ms)
			CreateAndSetChildDomain (54ms)
		EndReloadAssembly (804ms)
			LoadAssemblies (101ms)
			RebuildTransferFunctionScriptingTraits (0ms)
			SetupTypeCache (249ms)
			ReleaseScriptCaches (1ms)
			RebuildScriptCaches (32ms)
			SetupLoadedEditorAssemblies (353ms)
				LogAssemblyErrors (0ms)
				InitializePlatformSupportModulesInManaged (7ms)
				SetLoadedEditorAssemblies (0ms)
				RefreshPlugins (1ms)
				BeforeProcessingInitializeOnLoad (90ms)
				ProcessInitializeOnLoadAttributes (246ms)
				ProcessInitializeOnLoadMethodAttributes (3ms)
				AfterProcessingInitializeOnLoad (5ms)
				EditorAssembliesLoaded (0ms)
			ExecutionOrderSort2 (0ms)
			AwakeInstancesAfterBackupRestoration (6ms)
Platform modules already initialized, skipping
Refreshing native plugins compatible for Editor in 0.49 ms, found 5 plugins.
Preloading 2 native plugins for Editor in 0.09 ms.
Unloading 1439 Unused Serialized files (Serialized files now loaded: 0)
System memory in use before: 100.5 MB.
System memory in use after: 100.6 MB.

Unloading 39 unused Assets to reduce memory usage. Loaded Objects now: 2290.
Total: 2.583500 ms (FindLiveObjects: 0.279000 ms CreateObjectMapping: 0.070500 ms MarkObjects: 2.213800 ms  DeleteObjects: 0.019200 ms)

AssetImportParameters requested are different than current active one (requested -> active):
  custom:framework-win-MediaFoundation: 216162199b28c13a410421893ffa2e32 -> 
  custom:video-decoder-ogg-theora: a1e56fd34408186e4bbccfd4996cb3dc -> 
  custom:container-muxer-webm: aa71ff27fc2769a1b78a27578f13a17b -> 
  custom:container-demuxer-webm: 4f35f7cbe854078d1ac9338744f61a02 -> 
  custom:container-demuxer-ogg: 62fdf1f143b41e24485cea50d1cbac27 -> 
  custom:video-encoder-webm-vp8: eb34c28f22e8b96e1ab97ce403110664 -> 
  custom:video-codec-MediaFoundation-h265: 746d11721c4dcdbdad8f713fa42b33f4 -> 
  custom:video-decoder-webm-vp8: 9c59270c3fd7afecdb556c50c9e8de78 -> 
  custom:audio-decoder-ogg-vorbis: bf7c407c2cedff20999df2af8eb42d56 -> 
  custom:audio-encoder-webm-vorbis: bf7c407c2cedff20999df2af8eb42d56 -> 
========================================================================
Received Prepare
Registering precompiled user dll's ...
Registered in 0.007673 seconds.
Begin MonoManager ReloadAssembly
Native extension for Lumin target not found
Native extension for LinuxStandalone target not found
Native extension for WindowsStandalone target not found
Refreshing native plugins compatible for Editor in 0.73 ms, found 5 plugins.
Preloading 2 native plugins for Editor in 0.15 ms.
System.NullReferenceException: Object reference not set to an instance of an object
  at Vuforia.EditorClasses.ExtensionTypeProvider.GetVuforiaPackageAbsPath () [0x0004a] in <0213e6f0fa134fa89db6bafa02899715>:0 
  at Vuforia.EditorClasses.ExtensionTypeProvider.IsPackageManager () [0x00000] in <0213e6f0fa134fa89db6bafa02899715>:0 
  at Vuforia.EditorClasses.ExtensionTypeProvider.ResolvePluginType () [0x00009] in <0213e6f0fa134fa89db6bafa02899715>:0 
  at Vuforia.EditorClasses.ExtensionTypeProvider.GetPluginType () [0x0000c] in <0213e6f0fa134fa89db6bafa02899715>:0 
  at Vuforia.EditorClasses.VuforiaUtilities.IsVuforiaEnabledInPlayerSettings () [0x00000] in <0213e6f0fa134fa89db6bafa02899715>:0 
  at VuforiaEnabledObserver..cctor () [0x00000] in <0213e6f0fa134fa89db6bafa02899715>:0 
UnityEngine.StackTraceUtility:ExtractStackTrace ()
UnityEngine.DebugLogHandler:LogFormat (UnityEngine.LogType,UnityEngine.Object,string,object[])
UnityEngine.Logger:Log (UnityEngine.LogType,object)
UnityEngine.Debug:LogError (object)
UnityEditor.EditorAssemblies:ProcessInitializeOnLoadAttributes (System.Type[])

System.NullReferenceException: Object reference not set to an instance of an object
  at Vuforia.EditorClasses.ExtensionTypeProvider.GetVuforiaPackageAbsPath () [0x0004a] in <0213e6f0fa134fa89db6bafa02899715>:0 
  at Vuforia.EditorClasses.ExtensionTypeProvider.IsPackageManager () [0x00000] in <0213e6f0fa134fa89db6bafa02899715>:0 
  at Vuforia.EditorClasses.ExtensionTypeProvider.ResolvePluginType () [0x00009] in <0213e6f0fa134fa89db6bafa02899715>:0 
  at Vuforia.EditorClasses.ExtensionTypeProvider.GetPluginType () [0x0000c] in <0213e6f0fa134fa89db6bafa02899715>:0 
  at Vuforia.EditorClasses.VuforiaUtilities.IsVuforiaEnabledInPlayerSettings () [0x00000] in <0213e6f0fa134fa89db6bafa02899715>:0 
  at Vuforia.EditorClasses.InitializeOnLoadVuforiaTaskRunner..cctor () [0x00015] in <0213e6f0fa134fa89db6bafa02899715>:0 
UnityEngine.StackTraceUtility:ExtractStackTrace ()
UnityEngine.DebugLogHandler:LogFormat (UnityEngine.LogType,UnityEngine.Object,string,object[])
UnityEngine.Logger:Log (UnityEngine.LogType,object)
UnityEngine.Debug:LogError (object)
UnityEditor.EditorAssemblies:ProcessInitializeOnLoadAttributes (System.Type[])

Mono: successfully reloaded assembly
- Completed reload, in  0.959 seconds
Domain Reload Profiling:
	ReloadAssembly (960ms)
		BeginReloadAssembly (119ms)
			ExecutionOrderSort (0ms)
			DisableScriptedObjects (4ms)
			BackupInstance (0ms)
			ReleaseScriptingObjects (0ms)
			CreateAndSetChildDomain (29ms)
		EndReloadAssembly (788ms)
			LoadAssemblies (75ms)
			RebuildTransferFunctionScriptingTraits (0ms)
			SetupTypeCache (267ms)
			ReleaseScriptCaches (1ms)
			RebuildScriptCaches (32ms)
			SetupLoadedEditorAssemblies (322ms)
				LogAssemblyErrors (0ms)
				InitializePlatformSupportModulesInManaged (7ms)
				SetLoadedEditorAssemblies (0ms)
				RefreshPlugins (1ms)
				BeforeProcessingInitializeOnLoad (63ms)
				ProcessInitializeOnLoadAttributes (242ms)
				ProcessInitializeOnLoadMethodAttributes (3ms)
				AfterProcessingInitializeOnLoad (5ms)
				EditorAssembliesLoaded (0ms)
			ExecutionOrderSort2 (0ms)
			AwakeInstancesAfterBackupRestoration (6ms)
Platform modules already initialized, skipping
Refreshing native plugins compatible for Editor in 0.54 ms, found 5 plugins.
Preloading 2 native plugins for Editor in 0.10 ms.
Unloading 1439 Unused Serialized files (Serialized files now loaded: 0)
System memory in use before: 100.5 MB.
System memory in use after: 100.6 MB.

Unloading 39 unused Assets to reduce memory usage. Loaded Objects now: 2292.
Total: 3.316000 ms (FindLiveObjects: 0.275700 ms CreateObjectMapping: 0.078000 ms MarkObjects: 2.923400 ms  DeleteObjects: 0.036700 ms)

AssetImportParameters requested are different than current active one (requested -> active):
  custom:framework-win-MediaFoundation: 216162199b28c13a410421893ffa2e32 -> 
  custom:video-decoder-ogg-theora: a1e56fd34408186e4bbccfd4996cb3dc -> 
  custom:container-muxer-webm: aa71ff27fc2769a1b78a27578f13a17b -> 
  custom:container-demuxer-webm: 4f35f7cbe854078d1ac9338744f61a02 -> 
  custom:container-demuxer-ogg: 62fdf1f143b41e24485cea50d1cbac27 -> 
  custom:video-encoder-webm-vp8: eb34c28f22e8b96e1ab97ce403110664 -> 
  custom:video-codec-MediaFoundation-h265: 746d11721c4dcdbdad8f713fa42b33f4 -> 
  custom:video-decoder-webm-vp8: 9c59270c3fd7afecdb556c50c9e8de78 -> 
  custom:audio-decoder-ogg-vorbis: bf7c407c2cedff20999df2af8eb42d56 -> 
  custom:audio-encoder-webm-vorbis: bf7c407c2cedff20999df2af8eb42d56 -> 
